mode: set
github.com/construct-run/construct/internal/auth/auth.go:23.39,25.2 1 1
github.com/construct-run/construct/internal/auth/auth.go:30.41,32.13 2 1
github.com/construct-run/construct/internal/auth/auth.go:32.13,34.3 1 1
github.com/construct-run/construct/internal/auth/auth.go:35.2,35.35 1 1
github.com/construct-run/construct/internal/auth/auth.go:39.36,41.2 1 1
github.com/construct-run/construct/internal/auth/auth.go:44.53,47.2 2 1
github.com/construct-run/construct/internal/auth/auth.go:51.60,54.22 3 1
github.com/construct-run/construct/internal/auth/auth.go:54.22,56.3 1 1
github.com/construct-run/construct/internal/auth/auth.go:57.2,57.57 1 1
github.com/construct-run/construct/internal/auth/auth.go:62.58,65.48 3 1
github.com/construct-run/construct/internal/auth/auth.go:65.48,67.3 1 0
github.com/construct-run/construct/internal/auth/auth.go:70.2,71.39 2 1
github.com/construct-run/construct/internal/auth/auth.go:71.39,73.3 1 0
github.com/construct-run/construct/internal/auth/auth.go:75.2,76.28 2 1
github.com/construct-run/construct/internal/auth/auth.go:76.28,77.19 1 1
github.com/construct-run/construct/internal/auth/auth.go:77.19,80.9 3 1
github.com/construct-run/construct/internal/auth/auth.go:83.2,83.12 1 1
github.com/construct-run/construct/internal/auth/auth.go:83.12,85.3 1 1
github.com/construct-run/construct/internal/auth/auth.go:87.2,87.42 1 1
github.com/construct-run/construct/internal/auth/auth.go:92.53,96.24 3 1
github.com/construct-run/construct/internal/auth/auth.go:96.24,98.3 1 0
github.com/construct-run/construct/internal/auth/auth.go:99.2,99.16 1 1
github.com/construct-run/construct/internal/auth/auth.go:99.16,101.3 1 0
github.com/construct-run/construct/internal/auth/auth.go:103.2,104.28 2 1
github.com/construct-run/construct/internal/auth/auth.go:104.28,105.19 1 1
github.com/construct-run/construct/internal/auth/auth.go:105.19,107.4 1 0
github.com/construct-run/construct/internal/auth/auth.go:110.2,110.26 1 1
github.com/construct-run/construct/internal/auth/auth.go:110.26,112.3 1 1
github.com/construct-run/construct/internal/auth/auth.go:113.2,113.45 1 0
github.com/construct-run/construct/internal/auth/auth.go:125.63,130.16 3 1
github.com/construct-run/construct/internal/auth/auth.go:130.16,132.3 1 0
github.com/construct-run/construct/internal/auth/auth.go:133.2,133.34 1 1
github.com/construct-run/construct/internal/auth/auth.go:133.34,139.3 1 1
github.com/construct-run/construct/internal/auth/auth.go:142.2,142.22 1 1
github.com/construct-run/construct/internal/auth/auth.go:142.22,144.17 2 1
github.com/construct-run/construct/internal/auth/auth.go:144.17,146.4 1 0
github.com/construct-run/construct/internal/auth/auth.go:147.3,147.35 1 1
github.com/construct-run/construct/internal/auth/auth.go:147.35,153.4 1 1
github.com/construct-run/construct/internal/auth/auth.go:156.2,156.19 1 1
github.com/construct-run/construct/internal/auth/auth.go:162.58,165.2 2 1
github.com/construct-run/construct/internal/auth/auth.go:168.36,170.2 1 0
github.com/construct-run/construct/internal/auth/auth.go:173.53,175.2 1 1
github.com/construct-run/construct/internal/auth/auth.go:184.51,186.16 2 1
github.com/construct-run/construct/internal/auth/auth.go:186.16,188.3 1 1
github.com/construct-run/construct/internal/auth/auth.go:189.2,193.21 4 1
github.com/construct-run/construct/internal/auth/auth.go:193.21,195.49 2 1
github.com/construct-run/construct/internal/auth/auth.go:195.49,196.12 1 0
github.com/construct-run/construct/internal/auth/auth.go:198.3,199.14 2 1
github.com/construct-run/construct/internal/auth/auth.go:199.14,200.12 1 0
github.com/construct-run/construct/internal/auth/auth.go:202.3,205.5 1 1
github.com/construct-run/construct/internal/auth/auth.go:207.2,207.31 1 1
github.com/construct-run/construct/internal/auth/auth.go:211.54,213.24 2 1
github.com/construct-run/construct/internal/auth/auth.go:213.24,215.3 1 0
github.com/construct-run/construct/internal/auth/auth.go:216.2,216.16 1 1
github.com/construct-run/construct/internal/auth/auth.go:216.16,218.3 1 0
github.com/construct-run/construct/internal/auth/auth.go:220.2,221.32 2 1
github.com/construct-run/construct/internal/auth/auth.go:221.32,222.64 1 1
github.com/construct-run/construct/internal/auth/auth.go:222.64,223.12 1 0
github.com/construct-run/construct/internal/auth/auth.go:225.3,226.17 2 1
github.com/construct-run/construct/internal/auth/auth.go:226.17,228.4 1 0
github.com/construct-run/construct/internal/auth/auth.go:229.3,229.26 1 1
github.com/construct-run/construct/internal/auth/auth.go:231.2,231.17 1 1
github.com/construct-run/construct/internal/auth/auth.go:235.64,238.16 3 1
github.com/construct-run/construct/internal/auth/auth.go:238.16,240.3 1 0
github.com/construct-run/construct/internal/auth/auth.go:241.2,243.28 2 1
github.com/construct-run/construct/internal/auth/auth.go:243.28,244.72 1 1
github.com/construct-run/construct/internal/auth/auth.go:244.72,248.4 3 0
github.com/construct-run/construct/internal/auth/auth.go:250.2,250.36 1 1
github.com/construct-run/construct/internal/auth/auth.go:250.36,253.3 2 0
github.com/construct-run/construct/internal/auth/auth.go:254.2,254.49 1 1
github.com/construct-run/construct/internal/auth/auth.go:254.49,257.3 2 0
github.com/construct-run/construct/internal/auth/auth.go:258.2,258.33 1 1
github.com/construct-run/construct/internal/cli/cli.go:36.34,41.2 1 1
github.com/construct-run/construct/internal/cli/cli.go:62.91,64.16 2 0
github.com/construct-run/construct/internal/cli/cli.go:64.16,66.3 1 0
github.com/construct-run/construct/internal/cli/cli.go:68.2,83.90 3 0
github.com/construct-run/construct/internal/cli/cli.go:83.90,85.67 2 0
github.com/construct-run/construct/internal/cli/cli.go:85.67,87.4 1 0
github.com/construct-run/construct/internal/cli/cli.go:88.3,88.26 1 0
github.com/construct-run/construct/internal/cli/cli.go:88.26,90.53 1 0
github.com/construct-run/construct/internal/cli/cli.go:90.53,92.5 1 0
github.com/construct-run/construct/internal/cli/cli.go:93.4,93.14 1 0
github.com/construct-run/construct/internal/cli/cli.go:96.3,97.13 2 0
github.com/construct-run/construct/internal/cli/cli.go:99.2,99.16 1 0
github.com/construct-run/construct/internal/cli/cli.go:99.16,101.3 1 0
github.com/construct-run/construct/internal/cli/cli.go:102.2,102.19 1 0
github.com/construct-run/construct/internal/cli/cli.go:102.19,104.3 1 0
github.com/construct-run/construct/internal/cli/cli.go:108.2,108.62 1 0
github.com/construct-run/construct/internal/cli/cli.go:108.62,110.3 1 0
github.com/construct-run/construct/internal/cli/cli.go:113.2,113.65 1 0
github.com/construct-run/construct/internal/cli/cli.go:113.65,115.17 2 0
github.com/construct-run/construct/internal/cli/cli.go:115.17,117.4 1 0
github.com/construct-run/construct/internal/cli/cli.go:118.3,118.17 1 0
github.com/construct-run/construct/internal/cli/cli.go:119.17,121.14 2 0
github.com/construct-run/construct/internal/cli/cli.go:122.17,122.17 0 0
github.com/construct-run/construct/internal/cli/cli.go:124.18,132.19 4 0
github.com/construct-run/construct/internal/cli/cli.go:132.19,134.5 1 0
github.com/construct-run/construct/internal/cli/cli.go:136.4,136.37 1 0
github.com/construct-run/construct/internal/cli/cli.go:140.2,142.17 2 0
github.com/construct-run/construct/internal/cli/cli.go:142.17,144.29 1 0
github.com/construct-run/construct/internal/cli/cli.go:144.29,147.4 2 0
github.com/construct-run/construct/internal/cli/cli.go:149.3,150.10 2 0
github.com/construct-run/construct/internal/cli/cli.go:150.10,152.4 1 0
github.com/construct-run/construct/internal/cli/cli.go:153.3,154.26 2 0
github.com/construct-run/construct/internal/cli/cli.go:154.26,156.4 1 0
github.com/construct-run/construct/internal/cli/cli.go:157.3,158.40 2 0
github.com/construct-run/construct/internal/cli/cli.go:161.2,163.18 2 0
github.com/construct-run/construct/internal/cli/cli.go:163.18,165.65 2 0
github.com/construct-run/construct/internal/cli/cli.go:165.65,167.4 1 0
github.com/construct-run/construct/internal/cli/cli.go:167.9,170.33 3 0
github.com/construct-run/construct/internal/cli/cli.go:170.33,172.5 1 0
github.com/construct-run/construct/internal/cli/cli.go:176.2,176.15 1 0
github.com/construct-run/construct/internal/cli/cli.go:176.15,178.3 1 0
github.com/construct-run/construct/internal/cli/cli.go:180.2,180.12 1 0
github.com/construct-run/construct/internal/cli/cli.go:184.104,186.16 2 0
github.com/construct-run/construct/internal/cli/cli.go:186.16,188.3 1 0
github.com/construct-run/construct/internal/cli/cli.go:190.2,190.30 1 0
github.com/construct-run/construct/internal/cli/cli.go:190.30,193.17 2 0
github.com/construct-run/construct/internal/cli/cli.go:193.17,195.4 1 0
github.com/construct-run/construct/internal/cli/cli.go:196.3,196.30 1 0
github.com/construct-run/construct/internal/cli/cli.go:196.30,197.35 1 0
github.com/construct-run/construct/internal/cli/cli.go:197.35,200.10 3 0
github.com/construct-run/construct/internal/cli/cli.go:203.3,203.19 1 0
github.com/construct-run/construct/internal/cli/cli.go:203.19,205.4 1 0
github.com/construct-run/construct/internal/cli/cli.go:208.2,208.18 1 0
github.com/construct-run/construct/internal/cli/cli.go:208.18,210.3 1 0
github.com/construct-run/construct/internal/cli/cli.go:213.2,214.16 2 0
github.com/construct-run/construct/internal/cli/cli.go:214.16,216.3 1 0
github.com/construct-run/construct/internal/cli/cli.go:217.2,218.29 2 0
github.com/construct-run/construct/internal/cli/cli.go:218.29,219.37 1 0
github.com/construct-run/construct/internal/cli/cli.go:219.37,221.9 2 0
github.com/construct-run/construct/internal/cli/cli.go:224.2,224.12 1 0
github.com/construct-run/construct/internal/cli/cli.go:224.12,226.3 1 0
github.com/construct-run/construct/internal/cli/cli.go:229.2,237.35 2 0
github.com/construct-run/construct/internal/cli/cli.go:241.97,242.18 1 0
github.com/construct-run/construct/internal/cli/cli.go:242.18,245.17 3 0
github.com/construct-run/construct/internal/cli/cli.go:245.17,247.4 1 0
github.com/construct-run/construct/internal/cli/cli.go:249.2,250.16 2 0
github.com/construct-run/construct/internal/cli/cli.go:250.16,252.3 1 0
github.com/construct-run/construct/internal/cli/cli.go:254.2,257.16 4 0
github.com/construct-run/construct/internal/cli/cli.go:257.16,258.36 1 0
github.com/construct-run/construct/internal/cli/cli.go:258.36,260.4 1 0
github.com/construct-run/construct/internal/cli/cli.go:261.3,261.55 1 0
github.com/construct-run/construct/internal/cli/cli.go:264.2,276.35 2 0
github.com/construct-run/construct/internal/cli/cli.go:280.75,282.16 2 1
github.com/construct-run/construct/internal/cli/cli.go:282.16,284.3 1 0
github.com/construct-run/construct/internal/cli/cli.go:286.2,286.16 1 1
github.com/construct-run/construct/internal/cli/cli.go:286.16,288.17 2 1
github.com/construct-run/construct/internal/cli/cli.go:288.17,290.4 1 0
github.com/construct-run/construct/internal/cli/cli.go:291.3,292.13 2 1
github.com/construct-run/construct/internal/cli/cli.go:295.2,300.29 5 1
github.com/construct-run/construct/internal/cli/cli.go:300.29,302.23 2 1
github.com/construct-run/construct/internal/cli/cli.go:302.23,304.4 1 1
github.com/construct-run/construct/internal/cli/cli.go:306.3,308.45 3 1
github.com/construct-run/construct/internal/cli/cli.go:308.45,310.4 1 1
github.com/construct-run/construct/internal/cli/cli.go:312.3,316.30 2 1
github.com/construct-run/construct/internal/cli/cli.go:318.2,321.11 3 1
github.com/construct-run/construct/internal/cli/cli.go:321.11,324.3 2 0
github.com/construct-run/construct/internal/cli/cli.go:325.2,326.12 2 1
github.com/construct-run/construct/internal/cli/cli.go:330.86,332.16 2 1
github.com/construct-run/construct/internal/cli/cli.go:332.16,334.3 1 0
github.com/construct-run/construct/internal/cli/cli.go:336.2,341.16 3 1
github.com/construct-run/construct/internal/cli/cli.go:341.16,343.3 1 0
github.com/construct-run/construct/internal/cli/cli.go:344.2,344.24 1 1
github.com/construct-run/construct/internal/cli/cli.go:344.24,346.3 1 1
github.com/construct-run/construct/internal/cli/cli.go:348.2,349.17 2 1
github.com/construct-run/construct/internal/cli/cli.go:349.17,352.3 2 1
github.com/construct-run/construct/internal/cli/cli.go:352.8,354.3 1 0
github.com/construct-run/construct/internal/cli/cli.go:355.2,355.12 1 1
github.com/construct-run/construct/internal/cli/cli.go:359.117,361.16 2 1
github.com/construct-run/construct/internal/cli/cli.go:361.16,363.3 1 0
github.com/construct-run/construct/internal/cli/cli.go:365.2,366.23 2 1
github.com/construct-run/construct/internal/cli/cli.go:366.23,368.3 1 0
github.com/construct-run/construct/internal/cli/cli.go:370.2,370.12 1 1
github.com/construct-run/construct/internal/cli/cli.go:370.12,375.39 5 0
github.com/construct-run/construct/internal/cli/cli.go:375.39,378.4 2 0
github.com/construct-run/construct/internal/cli/cli.go:381.2,385.16 2 1
github.com/construct-run/construct/internal/cli/cli.go:385.16,387.3 1 0
github.com/construct-run/construct/internal/cli/cli.go:389.2,390.12 2 1
github.com/construct-run/construct/internal/cli/cli.go:394.109,396.16 2 0
github.com/construct-run/construct/internal/cli/cli.go:396.16,398.3 1 0
github.com/construct-run/construct/internal/cli/cli.go:399.2,399.53 1 0
github.com/construct-run/construct/internal/cli/cli.go:402.106,410.90 2 0
github.com/construct-run/construct/internal/cli/cli.go:410.90,411.25 1 0
github.com/construct-run/construct/internal/cli/cli.go:411.25,413.4 1 0
github.com/construct-run/construct/internal/cli/cli.go:414.3,414.26 1 0
github.com/construct-run/construct/internal/cli/cli.go:414.26,416.4 1 0
github.com/construct-run/construct/internal/cli/cli.go:417.3,422.61 2 0
github.com/construct-run/construct/internal/cli/cli.go:422.61,424.4 1 0
github.com/construct-run/construct/internal/cli/cli.go:425.3,426.13 2 0
github.com/construct-run/construct/internal/cli/cli.go:431.90,438.16 3 1
github.com/construct-run/construct/internal/cli/cli.go:438.16,440.3 1 0
github.com/construct-run/construct/internal/cli/cli.go:441.2,441.24 1 1
github.com/construct-run/construct/internal/cli/cli.go:441.24,443.3 1 1
github.com/construct-run/construct/internal/cli/cli.go:445.2,446.17 2 1
github.com/construct-run/construct/internal/cli/cli.go:446.17,448.3 1 0
github.com/construct-run/construct/internal/cli/cli.go:449.2,450.12 2 1
github.com/construct-run/construct/internal/cli/cli.go:454.85,459.16 2 0
github.com/construct-run/construct/internal/cli/cli.go:459.16,461.3 1 0
github.com/construct-run/construct/internal/cli/cli.go:462.2,463.12 2 0
github.com/construct-run/construct/internal/cli/cli.go:467.79,471.16 2 1
github.com/construct-run/construct/internal/cli/cli.go:471.16,473.3 1 0
github.com/construct-run/construct/internal/cli/cli.go:474.2,475.24 2 1
github.com/construct-run/construct/internal/cli/cli.go:475.24,477.3 1 1
github.com/construct-run/construct/internal/cli/cli.go:479.2,480.21 2 1
github.com/construct-run/construct/internal/cli/cli.go:480.21,483.3 2 0
github.com/construct-run/construct/internal/cli/cli.go:485.2,487.28 3 1
github.com/construct-run/construct/internal/cli/cli.go:487.28,489.10 2 1
github.com/construct-run/construct/internal/cli/cli.go:489.10,490.12 1 0
github.com/construct-run/construct/internal/cli/cli.go:492.3,495.54 4 1
github.com/construct-run/construct/internal/cli/cli.go:497.2,498.12 2 1
github.com/construct-run/construct/internal/cli/cli.go:506.108,526.26 9 0
github.com/construct-run/construct/internal/cli/cli.go:526.26,528.3 1 0
github.com/construct-run/construct/internal/cli/cli.go:529.2,529.25 1 0
github.com/construct-run/construct/internal/cli/cli.go:529.25,531.3 1 0
github.com/construct-run/construct/internal/cli/cli.go:532.2,533.37 2 0
github.com/construct-run/construct/internal/cli/cli.go:533.37,535.3 1 0
github.com/construct-run/construct/internal/cli/cli.go:536.2,539.28 2 0
github.com/construct-run/construct/internal/cli/cli.go:539.28,542.3 2 0
github.com/construct-run/construct/internal/cli/cli.go:544.2,548.16 5 0
github.com/construct-run/construct/internal/cli/cli.go:549.22,550.24 1 0
github.com/construct-run/construct/internal/cli/cli.go:551.21,552.23 1 0
github.com/construct-run/construct/internal/cli/cli.go:553.10,554.23 1 0
github.com/construct-run/construct/internal/cli/cli.go:558.73,560.27 2 0
github.com/construct-run/construct/internal/cli/cli.go:560.27,562.3 1 0
github.com/construct-run/construct/internal/cli/cli.go:563.2,563.95 1 0
github.com/construct-run/construct/internal/cli/cli.go:566.58,569.2 2 0
github.com/construct-run/construct/internal/cli/cli.go:571.67,574.2 2 0
github.com/construct-run/construct/internal/cli/cli.go:576.53,578.28 2 0
github.com/construct-run/construct/internal/cli/cli.go:578.28,580.10 2 0
github.com/construct-run/construct/internal/cli/cli.go:580.10,581.12 1 0
github.com/construct-run/construct/internal/cli/cli.go:583.3,585.64 3 0
github.com/construct-run/construct/internal/cli/cli.go:587.2,587.33 1 0
github.com/construct-run/construct/internal/cli/cli.go:612.74,614.16 2 1
github.com/construct-run/construct/internal/cli/cli.go:614.16,616.3 1 0
github.com/construct-run/construct/internal/cli/cli.go:617.2,617.25 1 1
github.com/construct-run/construct/internal/cli/cli.go:617.25,619.3 1 0
github.com/construct-run/construct/internal/cli/cli.go:620.2,623.70 2 1
github.com/construct-run/construct/internal/cli/cli.go:623.70,625.3 1 0
github.com/construct-run/construct/internal/cli/cli.go:626.2,626.29 1 1
github.com/construct-run/construct/internal/cli/cli.go:631.90,632.15 1 1
github.com/construct-run/construct/internal/cli/cli.go:632.15,634.17 2 0
github.com/construct-run/construct/internal/cli/cli.go:634.17,636.4 1 0
github.com/construct-run/construct/internal/cli/cli.go:637.3,638.25 2 0
github.com/construct-run/construct/internal/cli/cli.go:642.2,642.98 1 1
github.com/construct-run/construct/internal/cli/cli.go:642.98,645.3 2 1
github.com/construct-run/construct/internal/cli/cli.go:648.2,648.22 1 0
github.com/construct-run/construct/internal/cli/cli.go:648.22,650.3 1 0
github.com/construct-run/construct/internal/cli/cli.go:653.2,654.16 2 0
github.com/construct-run/construct/internal/cli/cli.go:654.16,656.3 1 0
github.com/construct-run/construct/internal/cli/cli.go:657.2,657.21 1 0
github.com/construct-run/construct/internal/cli/cli.go:662.96,664.16 2 1
github.com/construct-run/construct/internal/cli/cli.go:664.16,666.3 1 0
github.com/construct-run/construct/internal/cli/cli.go:667.2,667.18 1 1
github.com/construct-run/construct/internal/cli/cli.go:667.18,669.3 1 1
github.com/construct-run/construct/internal/cli/cli.go:671.2,671.20 1 0
github.com/construct-run/construct/internal/cli/cli.go:671.20,673.17 2 0
github.com/construct-run/construct/internal/cli/cli.go:673.17,675.4 1 0
github.com/construct-run/construct/internal/cli/cli.go:676.3,677.30 2 0
github.com/construct-run/construct/internal/cli/cli.go:677.30,678.41 1 0
github.com/construct-run/construct/internal/cli/cli.go:678.41,680.5 1 0
github.com/construct-run/construct/internal/cli/cli.go:682.3,682.23 1 0
github.com/construct-run/construct/internal/cli/cli.go:683.10,684.76 1 0
github.com/construct-run/construct/internal/cli/cli.go:685.10,686.33 1 0
github.com/construct-run/construct/internal/cli/cli.go:687.11,688.108 1 0
github.com/construct-run/construct/internal/cli/cli.go:691.2,691.69 1 0
github.com/construct-run/construct/internal/cli/cli.go:694.46,695.13 1 1
github.com/construct-run/construct/internal/cli/cli.go:695.13,697.3 1 0
github.com/construct-run/construct/internal/cli/cli.go:698.2,699.16 2 1
github.com/construct-run/construct/internal/cli/cli.go:699.16,701.3 1 0
github.com/construct-run/construct/internal/cli/cli.go:702.2,703.16 2 1
github.com/construct-run/construct/internal/cli/cli.go:703.16,706.3 1 1
github.com/construct-run/construct/internal/cli/cli.go:707.2,707.22 1 0
github.com/construct-run/construct/internal/cli/cli.go:710.33,711.16 1 0
github.com/construct-run/construct/internal/cli/cli.go:711.16,713.3 1 0
github.com/construct-run/construct/internal/cli/cli.go:714.2,714.22 1 0
github.com/construct-run/construct/internal/cli/cli.go:714.22,715.96 1 0
github.com/construct-run/construct/internal/cli/cli.go:715.96,717.4 1 0
github.com/construct-run/construct/internal/cli/cli.go:719.2,719.13 1 0
github.com/construct-run/construct/internal/cli/cli.go:722.46,724.26 2 1
github.com/construct-run/construct/internal/cli/cli.go:724.26,726.3 1 0
github.com/construct-run/construct/internal/cli/cli.go:727.2,727.33 1 1
github.com/construct-run/construct/internal/cli/cli.go:730.36,732.11 2 1
github.com/construct-run/construct/internal/cli/cli.go:732.11,734.3 1 0
github.com/construct-run/construct/internal/cli/cli.go:735.2,738.17 3 1
github.com/construct-run/construct/internal/cli/cli.go:738.17,742.3 3 0
github.com/construct-run/construct/internal/cli/cli.go:743.2,743.15 1 1
github.com/construct-run/construct/internal/cli/cli.go:743.15,745.3 1 0
github.com/construct-run/construct/internal/cli/cli.go:746.2,746.36 1 1
github.com/construct-run/construct/internal/cli/cli.go:749.35,750.31 1 1
github.com/construct-run/construct/internal/cli/cli.go:750.31,752.17 2 0
github.com/construct-run/construct/internal/cli/cli.go:752.17,754.4 1 0
github.com/construct-run/construct/internal/cli/cli.go:755.3,755.46 1 0
github.com/construct-run/construct/internal/cli/cli.go:757.2,757.14 1 1
github.com/construct-run/construct/internal/cli/cli.go:760.30,763.2 1 0
github.com/construct-run/construct/internal/cli/cli.go:765.50,771.2 5 0
github.com/construct-run/construct/internal/cli/cli.go:778.107,779.12 1 0
github.com/construct-run/construct/internal/cli/cli.go:779.12,784.39 5 0
github.com/construct-run/construct/internal/cli/cli.go:784.39,787.4 2 0
github.com/construct-run/construct/internal/cli/cli.go:790.2,791.16 2 0
github.com/construct-run/construct/internal/cli/cli.go:791.16,793.3 1 0
github.com/construct-run/construct/internal/cli/cli.go:794.2,800.16 4 0
github.com/construct-run/construct/internal/cli/cli.go:800.16,802.3 1 0
github.com/construct-run/construct/internal/cli/cli.go:803.2,803.31 1 0
github.com/construct-run/construct/internal/cli/cli.go:803.31,804.32 1 0
github.com/construct-run/construct/internal/cli/cli.go:804.32,807.48 2 0
github.com/construct-run/construct/internal/cli/cli.go:807.48,810.95 3 0
github.com/construct-run/construct/internal/cli/cli.go:810.95,812.6 1 0
github.com/construct-run/construct/internal/cli/cli.go:812.11,814.6 1 0
github.com/construct-run/construct/internal/cli/cli.go:815.5,815.10 1 0
github.com/construct-run/construct/internal/cli/cli.go:821.2,822.16 2 0
github.com/construct-run/construct/internal/cli/cli.go:822.16,824.3 1 0
github.com/construct-run/construct/internal/cli/cli.go:825.2,825.39 1 0
github.com/construct-run/construct/internal/cli/cli.go:825.39,826.46 1 0
github.com/construct-run/construct/internal/cli/cli.go:826.46,828.61 2 0
github.com/construct-run/construct/internal/cli/cli.go:828.61,830.5 1 0
github.com/construct-run/construct/internal/cli/cli.go:830.10,832.5 1 0
github.com/construct-run/construct/internal/cli/cli.go:837.2,838.16 2 0
github.com/construct-run/construct/internal/cli/cli.go:838.16,840.3 1 0
github.com/construct-run/construct/internal/cli/cli.go:841.2,841.32 1 0
github.com/construct-run/construct/internal/cli/cli.go:841.32,842.36 1 0
github.com/construct-run/construct/internal/cli/cli.go:842.36,844.45 2 0
github.com/construct-run/construct/internal/cli/cli.go:844.45,846.98 2 0
github.com/construct-run/construct/internal/cli/cli.go:846.98,848.6 1 0
github.com/construct-run/construct/internal/cli/cli.go:848.11,850.6 1 0
github.com/construct-run/construct/internal/cli/cli.go:851.5,851.10 1 0
github.com/construct-run/construct/internal/cli/cli.go:857.2,857.60 1 0
github.com/construct-run/construct/internal/cli/cli.go:857.60,859.43 2 0
github.com/construct-run/construct/internal/cli/cli.go:859.43,861.4 1 0
github.com/construct-run/construct/internal/cli/cli.go:864.2,865.68 2 0
github.com/construct-run/construct/internal/cli/cli.go:865.68,867.3 1 0
github.com/construct-run/construct/internal/cli/cli.go:869.2,872.12 3 0
github.com/construct-run/construct/internal/cli/cli.go:877.79,880.6 3 0
github.com/construct-run/construct/internal/cli/cli.go:880.6,882.17 2 0
github.com/construct-run/construct/internal/cli/cli.go:882.17,884.4 1 0
github.com/construct-run/construct/internal/cli/cli.go:885.3,886.17 2 0
github.com/construct-run/construct/internal/cli/cli.go:886.17,889.4 2 0
github.com/construct-run/construct/internal/cli/cli.go:890.3,890.33 1 0
github.com/construct-run/construct/internal/cli/cli.go:890.33,892.4 1 0
github.com/construct-run/construct/internal/cli/cli.go:893.3,893.10 1 0
github.com/construct-run/construct/internal/cli/cli.go:894.21,895.20 1 0
github.com/construct-run/construct/internal/cli/cli.go:896.45,896.45 0 0
github.com/construct-run/construct/internal/config/config.go:14.33,15.52 1 1
github.com/construct-run/construct/internal/config/config.go:15.52,17.3 1 1
github.com/construct-run/construct/internal/config/config.go:18.2,19.16 2 1
github.com/construct-run/construct/internal/config/config.go:19.16,21.3 1 0
github.com/construct-run/construct/internal/config/config.go:22.2,22.51 1 1
github.com/construct-run/construct/internal/config/config.go:27.31,28.50 1 0
github.com/construct-run/construct/internal/config/config.go:28.50,30.3 1 0
github.com/construct-run/construct/internal/config/config.go:31.2,32.16 2 0
github.com/construct-run/construct/internal/config/config.go:32.16,34.3 1 0
github.com/construct-run/construct/internal/config/config.go:35.2,35.59 1 0
github.com/construct-run/construct/internal/config/config.go:40.34,41.52 1 0
github.com/construct-run/construct/internal/config/config.go:41.52,43.3 1 0
github.com/construct-run/construct/internal/config/config.go:44.2,45.16 2 0
github.com/construct-run/construct/internal/config/config.go:45.16,47.3 1 0
github.com/construct-run/construct/internal/config/config.go:48.2,48.52 1 0
github.com/construct-run/construct/internal/config/config.go:70.46,88.22 14 1
github.com/construct-run/construct/internal/config/config.go:89.14,91.125 2 1
github.com/construct-run/construct/internal/config/config.go:92.14,94.73 2 1
github.com/construct-run/construct/internal/config/config.go:95.10,96.60 1 1
github.com/construct-run/construct/internal/config/config.go:98.2,101.31 3 1
github.com/construct-run/construct/internal/config/config.go:101.31,102.38 1 1
github.com/construct-run/construct/internal/config/config.go:102.38,104.4 1 1
github.com/construct-run/construct/internal/config/config.go:107.2,107.24 1 1
github.com/construct-run/construct/internal/config/config.go:107.24,111.34 4 1
github.com/construct-run/construct/internal/config/config.go:111.34,113.4 1 1
github.com/construct-run/construct/internal/config/config.go:114.3,116.72 3 1
github.com/construct-run/construct/internal/config/config.go:119.2,123.20 4 1
github.com/construct-run/construct/internal/config/config.go:131.68,132.48 1 1
github.com/construct-run/construct/internal/config/config.go:132.48,134.3 1 0
github.com/construct-run/construct/internal/config/config.go:135.2,138.67 4 1
github.com/construct-run/construct/internal/config/config.go:138.67,140.3 1 0
github.com/construct-run/construct/internal/config/config.go:141.2,142.12 2 1
github.com/construct-run/construct/internal/client/client.go:38.37,43.2 1 1
github.com/construct-run/construct/internal/client/client.go:48.98,50.2 1 1
github.com/construct-run/construct/internal/client/client.go:54.125,56.16 2 1
github.com/construct-run/construct/internal/client/client.go:56.16,58.3 1 0
github.com/construct-run/construct/internal/client/client.go:59.2,62.12 2 1
github.com/construct-run/construct/internal/client/client.go:62.12,65.3 2 1
github.com/construct-run/construct/internal/client/client.go:67.2,74.16 4 1
github.com/construct-run/construct/internal/client/client.go:74.16,76.3 1 0
github.com/construct-run/construct/internal/client/client.go:77.2,78.44 2 1
github.com/construct-run/construct/internal/client/client.go:78.44,80.3 1 0
github.com/construct-run/construct/internal/client/client.go:82.2,84.21 3 1
github.com/construct-run/construct/internal/client/client.go:84.21,86.64 2 1
github.com/construct-run/construct/internal/client/client.go:86.64,88.4 1 0
github.com/construct-run/construct/internal/client/client.go:90.3,90.20 1 1
github.com/construct-run/construct/internal/client/client.go:91.16,96.49 3 1
github.com/construct-run/construct/internal/client/client.go:97.15,98.21 1 1
github.com/construct-run/construct/internal/client/client.go:98.21,100.5 1 1
github.com/construct-run/construct/internal/client/client.go:101.14,103.22 2 1
github.com/construct-run/construct/internal/client/client.go:107.2,107.38 1 1
github.com/construct-run/construct/internal/client/client.go:107.38,108.23 1 1
github.com/construct-run/construct/internal/client/client.go:108.23,110.4 1 1
github.com/construct-run/construct/internal/client/client.go:111.3,111.51 1 0
github.com/construct-run/construct/internal/client/client.go:113.2,113.20 1 0
github.com/construct-run/construct/internal/client/client.go:119.121,121.16 2 1
github.com/construct-run/construct/internal/client/client.go:121.16,123.3 1 0
github.com/construct-run/construct/internal/client/client.go:124.2,126.12 2 1
github.com/construct-run/construct/internal/client/client.go:126.12,129.3 2 1
github.com/construct-run/construct/internal/client/client.go:131.2,138.16 4 1
github.com/construct-run/construct/internal/client/client.go:138.16,140.3 1 0
github.com/construct-run/construct/internal/client/client.go:141.2,142.44 2 1
github.com/construct-run/construct/internal/client/client.go:142.44,144.3 1 0
github.com/construct-run/construct/internal/client/client.go:146.2,147.21 2 1
github.com/construct-run/construct/internal/client/client.go:147.21,149.64 2 1
github.com/construct-run/construct/internal/client/client.go:149.64,151.4 1 0
github.com/construct-run/construct/internal/client/client.go:153.3,153.27 1 1
github.com/construct-run/construct/internal/client/client.go:153.27,159.4 3 0
github.com/construct-run/construct/internal/client/client.go:161.3,161.39 1 1
github.com/construct-run/construct/internal/client/client.go:161.39,163.4 1 0
github.com/construct-run/construct/internal/client/client.go:165.3,165.25 1 1
github.com/construct-run/construct/internal/client/client.go:165.25,167.4 1 1
github.com/construct-run/construct/internal/client/client.go:170.2,170.38 1 0
github.com/construct-run/construct/internal/client/client.go:170.38,171.23 1 0
github.com/construct-run/construct/internal/client/client.go:171.23,173.4 1 0
github.com/construct-run/construct/internal/client/client.go:174.3,174.46 1 0
github.com/construct-run/construct/internal/client/client.go:176.2,176.12 1 0
github.com/construct-run/construct/internal/client/client.go:179.62,182.16 3 1
github.com/construct-run/construct/internal/client/client.go:182.16,184.3 1 0
github.com/construct-run/construct/internal/client/client.go:185.2,185.18 1 1
github.com/construct-run/construct/cmd/construct/main.go:22.13,24.2 1 0
github.com/construct-run/construct/cmd/construct/main.go:26.16,27.33 1 0
github.com/construct-run/construct/cmd/construct/main.go:27.33,30.3 2 0
github.com/construct-run/construct/cmd/construct/main.go:31.2,31.10 1 0
github.com/construct-run/construct/cmd/construct/main.go:34.21,46.19 4 0
github.com/construct-run/construct/cmd/construct/main.go:46.19,49.3 2 0
github.com/construct-run/construct/cmd/construct/main.go:52.2,52.65 1 0
github.com/construct-run/construct/cmd/construct/main.go:52.65,55.3 2 0
github.com/construct-run/construct/cmd/construct/main.go:58.2,59.28 2 0
github.com/construct-run/construct/cmd/construct/main.go:59.28,61.3 1 0
github.com/construct-run/construct/cmd/construct/main.go:64.2,65.55 2 0
github.com/construct-run/construct/cmd/construct/main.go:65.55,66.18 1 0
github.com/construct-run/construct/cmd/construct/main.go:67.90,69.21 2 0
github.com/construct-run/construct/cmd/construct/main.go:69.21,71.5 1 0
github.com/construct-run/construct/cmd/construct/main.go:72.4,72.19 1 0
github.com/construct-run/construct/cmd/construct/main.go:76.2,80.40 3 0
github.com/construct-run/construct/cmd/construct/main.go:80.40,83.17 2 0
github.com/construct-run/construct/cmd/construct/main.go:83.17,85.4 1 0
github.com/construct-run/construct/cmd/construct/main.go:86.3,86.51 1 0
github.com/construct-run/construct/cmd/construct/main.go:86.51,88.4 1 0
github.com/construct-run/construct/cmd/construct/main.go:90.3,94.17 2 0
github.com/construct-run/construct/cmd/construct/main.go:94.17,96.4 1 0
github.com/construct-run/construct/cmd/construct/main.go:97.3,97.30 1 0
github.com/construct-run/construct/cmd/construct/main.go:100.2,104.13 4 0
github.com/construct-run/construct/cmd/construct/main.go:105.13,107.26 2 0
github.com/construct-run/construct/cmd/construct/main.go:107.26,109.4 1 0
github.com/construct-run/construct/cmd/construct/main.go:110.3,110.17 1 0
github.com/construct-run/construct/cmd/construct/main.go:110.17,112.4 1 0
github.com/construct-run/construct/cmd/construct/main.go:113.3,113.25 1 0
github.com/construct-run/construct/cmd/construct/main.go:113.25,116.18 3 0
github.com/construct-run/construct/cmd/construct/main.go:116.18,118.5 1 0
github.com/construct-run/construct/cmd/construct/main.go:120.3,124.19 5 0
github.com/construct-run/construct/cmd/construct/main.go:124.19,126.4 1 0
github.com/construct-run/construct/cmd/construct/main.go:127.3,127.36 1 0
github.com/construct-run/construct/cmd/construct/main.go:129.12,134.44 5 0
github.com/construct-run/construct/cmd/construct/main.go:136.12,141.34 5 0
github.com/construct-run/construct/cmd/construct/main.go:143.16,145.20 2 0
github.com/construct-run/construct/cmd/construct/main.go:145.20,147.4 1 0
github.com/construct-run/construct/cmd/construct/main.go:148.3,148.37 1 0
github.com/construct-run/construct/cmd/construct/main.go:150.14,152.20 2 0
github.com/construct-run/construct/cmd/construct/main.go:152.20,154.4 1 0
github.com/construct-run/construct/cmd/construct/main.go:155.3,155.29 1 0
github.com/construct-run/construct/cmd/construct/main.go:157.17,163.20 6 0
github.com/construct-run/construct/cmd/construct/main.go:163.20,165.4 1 0
github.com/construct-run/construct/cmd/construct/main.go:166.3,166.52 1 0
github.com/construct-run/construct/cmd/construct/main.go:168.15,173.60 5 0
github.com/construct-run/construct/cmd/construct/main.go:175.14,184.20 9 0
github.com/construct-run/construct/cmd/construct/main.go:184.20,186.4 1 0
github.com/construct-run/construct/cmd/construct/main.go:187.3,187.50 1 0
github.com/construct-run/construct/cmd/construct/main.go:189.16,190.45 1 0
github.com/construct-run/construct/cmd/construct/main.go:192.10,193.81 1 0
github.com/construct-run/construct/cmd/construct/main.go:197.91,198.20 1 0
github.com/construct-run/construct/cmd/construct/main.go:198.20,200.3 1 0
github.com/construct-run/construct/cmd/construct/main.go:201.2,201.23 1 0
github.com/construct-run/construct/cmd/construct/main.go:201.23,203.3 1 0
github.com/construct-run/construct/cmd/construct/main.go:204.2,206.20 2 0
github.com/construct-run/construct/cmd/construct/main.go:206.20,208.3 1 0
github.com/construct-run/construct/cmd/construct/main.go:210.2,210.17 1 0
github.com/construct-run/construct/cmd/construct/main.go:211.13,213.21 2 0
github.com/construct-run/construct/cmd/construct/main.go:213.21,215.4 1 0
github.com/construct-run/construct/cmd/construct/main.go:216.3,226.17 9 0
github.com/construct-run/construct/cmd/construct/main.go:226.17,228.4 1 0
github.com/construct-run/construct/cmd/construct/main.go:229.3,230.47 2 0
github.com/construct-run/construct/cmd/construct/main.go:232.15,234.21 2 0
github.com/construct-run/construct/cmd/construct/main.go:234.21,236.4 1 0
github.com/construct-run/construct/cmd/construct/main.go:237.3,242.42 6 0
github.com/construct-run/construct/cmd/construct/main.go:244.14,249.36 5 0
github.com/construct-run/construct/cmd/construct/main.go:251.10,252.59 1 0
github.com/construct-run/construct/cmd/construct/main.go:257.95,259.20 2 0
github.com/construct-run/construct/cmd/construct/main.go:259.20,261.10 2 0
github.com/construct-run/construct/cmd/construct/main.go:262.44,264.7 2 0
github.com/construct-run/construct/cmd/construct/main.go:265.48,267.7 2 0
github.com/construct-run/construct/cmd/construct/main.go:268.51,270.7 2 0
github.com/construct-run/construct/cmd/construct/main.go:271.60,272.23 1 0
github.com/construct-run/construct/cmd/construct/main.go:272.23,275.5 2 0
github.com/construct-run/construct/cmd/construct/main.go:275.10,277.5 1 0
github.com/construct-run/construct/cmd/construct/main.go:278.11,280.10 2 0
github.com/construct-run/construct/cmd/construct/main.go:283.2,283.8 1 0
github.com/construct-run/construct/cmd/construct/main.go:287.75,305.55 12 0
github.com/construct-run/construct/cmd/construct/main.go:305.55,308.3 2 0
github.com/construct-run/construct/cmd/construct/main.go:310.2,310.39 1 0
github.com/construct-run/construct/cmd/construct/main.go:310.39,312.3 1 0
github.com/construct-run/construct/cmd/construct/main.go:314.2,316.41 2 0
github.com/construct-run/construct/cmd/construct/main.go:316.41,318.3 1 0
github.com/construct-run/construct/cmd/construct/main.go:319.2,319.19 1 0
github.com/construct-run/construct/cmd/construct/main.go:325.41,325.73 1 0
github.com/construct-run/construct/cmd/construct/main.go:326.41,326.75 2 0
github.com/construct-run/construct/cmd/construct/main.go:329.28,349.2 19 0
github.com/construct-run/construct/internal/bootstrap/bootstrap.go:43.85,47.16 3 0
github.com/construct-run/construct/internal/bootstrap/bootstrap.go:47.16,49.3 1 0
github.com/construct-run/construct/internal/bootstrap/bootstrap.go:50.2,52.52 2 0
github.com/construct-run/construct/internal/bootstrap/bootstrap.go:52.52,53.18 1 0
github.com/construct-run/construct/internal/bootstrap/bootstrap.go:53.18,55.4 1 0
github.com/construct-run/construct/internal/bootstrap/bootstrap.go:56.3,57.17 2 0
github.com/construct-run/construct/internal/bootstrap/bootstrap.go:57.17,58.9 1 0
github.com/construct-run/construct/internal/bootstrap/bootstrap.go:61.3,61.26 1 0
github.com/construct-run/construct/internal/bootstrap/bootstrap.go:61.26,63.12 2 0
github.com/construct-run/construct/internal/bootstrap/bootstrap.go:65.3,65.17 1 0
github.com/construct-run/construct/internal/bootstrap/bootstrap.go:67.2,67.16 1 0
github.com/construct-run/construct/internal/bootstrap/bootstrap.go:67.16,69.3 1 0
github.com/construct-run/construct/internal/bootstrap/bootstrap.go:71.2,71.69 1 0
github.com/construct-run/construct/internal/bootstrap/bootstrap.go:71.69,73.3 1 0
github.com/construct-run/construct/internal/bootstrap/bootstrap.go:74.2,74.24 1 0
github.com/construct-run/construct/internal/bootstrap/bootstrap.go:77.90,79.52 2 0
github.com/construct-run/construct/internal/bootstrap/bootstrap.go:79.52,81.3 1 0
github.com/construct-run/construct/internal/bootstrap/bootstrap.go:82.2,84.14 2 0
github.com/construct-run/construct/internal/bootstrap/bootstrap.go:84.14,87.53 2 0
github.com/construct-run/construct/internal/bootstrap/bootstrap.go:87.53,89.4 1 0
github.com/construct-run/construct/internal/bootstrap/bootstrap.go:90.3,91.39 2 0
github.com/construct-run/construct/internal/bootstrap/bootstrap.go:94.2,94.19 1 0
github.com/construct-run/construct/internal/bootstrap/bootstrap.go:95.17,97.31 1 0
github.com/construct-run/construct/internal/bootstrap/bootstrap.go:97.31,99.59 2 0
github.com/construct-run/construct/internal/bootstrap/bootstrap.go:99.59,101.5 1 0
github.com/construct-run/construct/internal/bootstrap/bootstrap.go:102.4,102.54 1 0
github.com/construct-run/construct/internal/bootstrap/bootstrap.go:102.54,104.5 1 0
github.com/construct-run/construct/internal/bootstrap/bootstrap.go:105.4,105.40 1 0
github.com/construct-run/construct/internal/bootstrap/bootstrap.go:107.3,107.13 1 0
github.com/construct-run/construct/internal/bootstrap/bootstrap.go:109.27,111.80 2 0
github.com/construct-run/construct/internal/bootstrap/bootstrap.go:113.10,114.80 1 0
github.com/construct-run/construct/internal/bootstrap/bootstrap.go:118.136,120.16 2 0
github.com/construct-run/construct/internal/bootstrap/bootstrap.go:120.16,122.3 1 0
github.com/construct-run/construct/internal/bootstrap/bootstrap.go:123.2,123.23 1 0
github.com/construct-run/construct/internal/bootstrap/bootstrap.go:123.23,125.3 1 0
github.com/construct-run/construct/internal/bootstrap/bootstrap.go:126.2,126.24 1 0
github.com/construct-run/construct/internal/bootstrap/bootstrap.go:126.24,128.3 1 0
github.com/construct-run/construct/internal/bootstrap/bootstrap.go:129.2,129.28 1 0
github.com/construct-run/construct/internal/bootstrap/bootstrap.go:132.51,133.21 1 0
github.com/construct-run/construct/internal/bootstrap/bootstrap.go:133.21,135.3 1 0
github.com/construct-run/construct/internal/bootstrap/bootstrap.go:136.2,137.9 2 0
github.com/construct-run/construct/internal/bootstrap/bootstrap.go:137.9,139.3 1 0
github.com/construct-run/construct/internal/bootstrap/bootstrap.go:140.2,140.29 1 0
github.com/construct-run/construct/internal/bootstrap/bootstrap.go:143.64,145.16 2 0
github.com/construct-run/construct/internal/bootstrap/bootstrap.go:145.16,147.3 1 0
github.com/construct-run/construct/internal/bootstrap/bootstrap.go:148.2,164.29 6 0
github.com/construct-run/construct/internal/bootstrap/bootstrap.go:164.29,166.3 1 0
github.com/construct-run/construct/internal/bootstrap/bootstrap.go:166.8,167.46 1 0
github.com/construct-run/construct/internal/bootstrap/bootstrap.go:167.46,169.4 1 0
github.com/construct-run/construct/internal/bootstrap/bootstrap.go:171.2,171.55 1 0
github.com/construct-run/construct/internal/bootstrap/bootstrap.go:171.55,173.3 1 0
github.com/construct-run/construct/internal/bootstrap/bootstrap.go:175.2,182.26 3 0
github.com/construct-run/construct/internal/bootstrap/bootstrap.go:182.26,185.3 2 0
github.com/construct-run/construct/internal/bootstrap/bootstrap.go:186.2,186.34 1 0
github.com/construct-run/construct/internal/bootstrap/bootstrap.go:186.34,188.3 1 0
github.com/construct-run/construct/internal/bootstrap/bootstrap.go:189.2,189.12 1 0
github.com/construct-run/construct/internal/bootstrap/bootstrap.go:192.66,194.53 2 0
github.com/construct-run/construct/internal/bootstrap/bootstrap.go:194.53,196.3 1 0
github.com/construct-run/construct/internal/bootstrap/bootstrap.go:202.2,203.16 2 0
github.com/construct-run/construct/internal/bootstrap/bootstrap.go:203.16,205.3 1 0
github.com/construct-run/construct/internal/bootstrap/bootstrap.go:207.2,221.50 3 0
github.com/construct-run/construct/internal/bootstrap/bootstrap.go:221.50,223.3 1 0
github.com/construct-run/construct/internal/bootstrap/bootstrap.go:224.2,224.12 1 0
github.com/construct-run/construct/internal/bootstrap/bootstrap.go:228.40,230.16 2 0
github.com/construct-run/construct/internal/bootstrap/bootstrap.go:230.16,232.3 1 0
github.com/construct-run/construct/internal/bootstrap/bootstrap.go:233.2,234.9 2 0
github.com/construct-run/construct/internal/bootstrap/bootstrap.go:234.9,236.3 1 0
github.com/construct-run/construct/internal/bootstrap/bootstrap.go:237.2,237.41 1 0
github.com/construct-run/construct/internal/bootstrap/bootstrap.go:240.82,244.2 3 0
github.com/construct-run/construct/internal/bootstrap/bootstrap.go:246.68,248.34 2 0
github.com/construct-run/construct/internal/bootstrap/bootstrap.go:248.34,250.17 2 0
github.com/construct-run/construct/internal/bootstrap/bootstrap.go:250.17,253.4 2 0
github.com/construct-run/construct/internal/bootstrap/bootstrap.go:254.3,254.33 1 0
github.com/construct-run/construct/internal/bootstrap/bootstrap.go:256.2,256.84 1 0
github.com/construct-run/construct/internal/bootstrap/bootstrap.go:259.37,260.16 1 0
github.com/construct-run/construct/internal/bootstrap/bootstrap.go:260.16,262.3 1 0
github.com/construct-run/construct/internal/bootstrap/bootstrap.go:263.2,264.71 2 0
github.com/construct-run/construct/internal/bootstrap/bootstrap.go:267.38,268.19 1 0
github.com/construct-run/construct/internal/bootstrap/bootstrap.go:268.19,270.3 1 0
github.com/construct-run/construct/internal/bootstrap/bootstrap.go:271.2,271.40 1 0
github.com/construct-run/construct/internal/bootstrap/bootstrap.go:271.40,272.29 1 0
github.com/construct-run/construct/internal/bootstrap/bootstrap.go:272.29,274.4 1 0
github.com/construct-run/construct/internal/bootstrap/bootstrap.go:276.2,276.14 1 0
github.com/construct-run/construct/internal/bootstrap/bootstrap.go:279.43,280.14 1 0
github.com/construct-run/construct/internal/bootstrap/bootstrap.go:280.14,282.3 1 0
github.com/construct-run/construct/internal/bootstrap/bootstrap.go:288.63,290.16 2 0
github.com/construct-run/construct/internal/bootstrap/bootstrap.go:290.16,292.3 1 0
github.com/construct-run/construct/internal/bootstrap/bootstrap.go:293.2,296.16 3 0
github.com/construct-run/construct/internal/bootstrap/bootstrap.go:296.16,298.3 1 0
github.com/construct-run/construct/internal/bootstrap/bootstrap.go:299.2,299.23 1 0
github.com/construct-run/construct/cmd/constructd/main.go:35.13,36.36 1 0
github.com/construct-run/construct/cmd/constructd/main.go:36.36,38.3 1 0
github.com/construct-run/construct/cmd/constructd/main.go:41.24,46.53 3 0
github.com/construct-run/construct/cmd/constructd/main.go:46.53,48.3 1 0
github.com/construct-run/construct/cmd/constructd/main.go:51.2,52.16 2 0
github.com/construct-run/construct/cmd/constructd/main.go:52.16,54.3 1 0
github.com/construct-run/construct/cmd/constructd/main.go:55.2,59.35 3 0
github.com/construct-run/construct/cmd/constructd/main.go:59.35,61.3 1 0
github.com/construct-run/construct/cmd/constructd/main.go:64.2,70.65 4 0
github.com/construct-run/construct/cmd/constructd/main.go:70.65,71.59 1 0
github.com/construct-run/construct/cmd/constructd/main.go:71.59,73.4 1 0
github.com/construct-run/construct/cmd/constructd/main.go:79.2,80.24 2 0
github.com/construct-run/construct/cmd/constructd/main.go:80.24,84.3 1 0
github.com/construct-run/construct/cmd/constructd/main.go:85.2,93.36 5 0
github.com/construct-run/construct/cmd/constructd/main.go:93.36,95.3 1 0
github.com/construct-run/construct/cmd/constructd/main.go:96.2,106.12 7 0
github.com/construct-run/construct/cmd/constructd/main.go:112.116,118.29 4 0
github.com/construct-run/construct/cmd/constructd/main.go:118.29,124.17 5 0
github.com/construct-run/construct/cmd/constructd/main.go:124.17,127.12 3 0
github.com/construct-run/construct/cmd/constructd/main.go:130.3,131.27 2 0
github.com/construct-run/construct/cmd/constructd/main.go:131.27,133.4 1 0
github.com/construct-run/construct/cmd/constructd/main.go:135.3,135.10 1 0
github.com/construct-run/construct/cmd/constructd/main.go:136.72,140.57 3 0
github.com/construct-run/construct/cmd/constructd/main.go:140.57,142.5 1 0
github.com/construct-run/construct/cmd/constructd/main.go:144.131,146.60 2 0
github.com/construct-run/construct/cmd/constructd/main.go:148.72,150.57 1 0
github.com/construct-run/construct/cmd/constructd/main.go:150.57,152.5 1 0
github.com/construct-run/construct/cmd/constructd/main.go:158.2,162.16 2 0
github.com/construct-run/construct/cmd/constructd/main.go:162.16,164.3 1 0
github.com/construct-run/construct/cmd/constructd/main.go:164.8,165.28 1 0
github.com/construct-run/construct/cmd/constructd/main.go:165.28,166.35 1 0
github.com/construct-run/construct/cmd/constructd/main.go:166.35,169.82 2 0
github.com/construct-run/construct/cmd/constructd/main.go:169.82,170.54 1 0
github.com/construct-run/construct/cmd/constructd/main.go:170.54,173.7 2 0
github.com/construct-run/construct/cmd/constructd/main.go:180.2,183.16 2 0
github.com/construct-run/construct/cmd/constructd/main.go:183.16,185.3 1 0
github.com/construct-run/construct/cmd/constructd/main.go:185.8,186.28 1 0
github.com/construct-run/construct/cmd/constructd/main.go:186.28,187.53 1 0
github.com/construct-run/construct/cmd/constructd/main.go:187.53,188.52 1 0
github.com/construct-run/construct/cmd/constructd/main.go:188.52,191.6 2 0
github.com/construct-run/construct/internal/daemon/docker/real.go:22.43,27.16 2 0
github.com/construct-run/construct/internal/daemon/docker/real.go:27.16,29.3 1 0
github.com/construct-run/construct/internal/daemon/docker/real.go:30.2,30.31 1 0
github.com/construct-run/construct/internal/daemon/docker/real.go:33.233,35.2 1 0
github.com/construct-run/construct/internal/daemon/docker/real.go:37.116,39.2 1 0
github.com/construct-run/construct/internal/daemon/docker/real.go:41.114,43.2 1 0
github.com/construct-run/construct/internal/daemon/docker/real.go:45.118,47.2 1 0
github.com/construct-run/construct/internal/daemon/docker/real.go:49.109,51.2 1 0
github.com/construct-run/construct/internal/daemon/docker/real.go:53.139,55.2 1 0
github.com/construct-run/construct/internal/daemon/docker/real.go:57.118,59.2 1 0
github.com/construct-run/construct/internal/daemon/docker/real.go:61.146,63.2 1 0
github.com/construct-run/construct/internal/daemon/docker/real.go:65.110,67.2 1 0
github.com/construct-run/construct/internal/daemon/docker/real.go:69.115,71.2 1 0
github.com/construct-run/construct/internal/daemon/docker/real.go:73.131,75.2 1 0
github.com/construct-run/construct/internal/daemon/docker/real.go:77.98,79.2 1 0
github.com/construct-run/construct/internal/daemon/docker/real.go:81.145,83.2 1 0
github.com/construct-run/construct/internal/daemon/docker/real.go:85.115,87.2 1 0
github.com/construct-run/construct/internal/daemon/docker/real.go:89.105,91.2 1 0
github.com/construct-run/construct/internal/daemon/docker/real.go:93.132,95.2 1 0
github.com/construct-run/construct/internal/daemon/docker/real.go:97.133,99.2 1 0
github.com/construct-run/construct/internal/daemon/docker/real.go:101.81,103.2 1 0
github.com/construct-run/construct/internal/daemon/docker/real.go:105.111,107.2 1 0
github.com/construct-run/construct/internal/daemon/docker/real.go:109.109,111.2 1 0
github.com/construct-run/construct/internal/daemon/docker/real.go:113.91,115.2 1 0
github.com/construct-run/construct/internal/daemon/docker/real.go:117.80,119.2 1 0
github.com/construct-run/construct/internal/daemon/docker/real.go:121.68,123.2 1 0
github.com/construct-run/construct/internal/daemon/docker/real.go:125.36,127.2 1 0
github.com/construct-run/construct/internal/daemon/logbuffer/logbuffer.go:36.28,37.15 1 1
github.com/construct-run/construct/internal/daemon/logbuffer/logbuffer.go:37.15,39.3 1 0
github.com/construct-run/construct/internal/daemon/logbuffer/logbuffer.go:40.2,43.3 1 1
github.com/construct-run/construct/internal/daemon/logbuffer/logbuffer.go:47.36,51.22 3 1
github.com/construct-run/construct/internal/daemon/logbuffer/logbuffer.go:51.22,54.3 2 1
github.com/construct-run/construct/internal/daemon/logbuffer/logbuffer.go:54.8,58.3 2 1
github.com/construct-run/construct/internal/daemon/logbuffer/logbuffer.go:61.2,61.32 1 1
github.com/construct-run/construct/internal/daemon/logbuffer/logbuffer.go:61.32,62.10 1 1
github.com/construct-run/construct/internal/daemon/logbuffer/logbuffer.go:63.21,63.21 0 1
github.com/construct-run/construct/internal/daemon/logbuffer/logbuffer.go:64.11,64.11 0 0
github.com/construct-run/construct/internal/daemon/logbuffer/logbuffer.go:72.41,76.18 3 1
github.com/construct-run/construct/internal/daemon/logbuffer/logbuffer.go:76.18,78.3 1 1
github.com/construct-run/construct/internal/daemon/logbuffer/logbuffer.go:80.2,81.31 2 1
github.com/construct-run/construct/internal/daemon/logbuffer/logbuffer.go:81.31,83.3 1 1
github.com/construct-run/construct/internal/daemon/logbuffer/logbuffer.go:85.2,85.36 1 1
github.com/construct-run/construct/internal/daemon/logbuffer/logbuffer.go:85.36,87.3 1 1
github.com/construct-run/construct/internal/daemon/logbuffer/logbuffer.go:88.2,88.15 1 1
github.com/construct-run/construct/internal/daemon/logbuffer/logbuffer.go:94.49,104.19 5 1
github.com/construct-run/construct/internal/daemon/logbuffer/logbuffer.go:104.19,108.40 4 1
github.com/construct-run/construct/internal/daemon/logbuffer/logbuffer.go:108.40,109.21 1 1
github.com/construct-run/construct/internal/daemon/logbuffer/logbuffer.go:109.21,111.5 1 0
github.com/construct-run/construct/internal/daemon/logbuffer/logbuffer.go:113.3,114.14 2 1
github.com/construct-run/construct/internal/daemon/logbuffer/logbuffer.go:117.2,117.21 1 1
github.com/construct-run/construct/internal/daemon/logbuffer/logbuffer.go:121.28,125.2 3 0
github.com/construct-run/construct/internal/daemon/registry/registry.go:49.36,50.20 1 0
github.com/construct-run/construct/internal/daemon/registry/registry.go:50.20,52.3 1 0
github.com/construct-run/construct/internal/daemon/registry/registry.go:53.2,53.13 1 0
github.com/construct-run/construct/internal/daemon/registry/registry.go:73.38,79.2 1 1
github.com/construct-run/construct/internal/daemon/registry/registry.go:82.33,87.24 4 1
github.com/construct-run/construct/internal/daemon/registry/registry.go:87.24,89.3 1 1
github.com/construct-run/construct/internal/daemon/registry/registry.go:90.2,90.16 1 1
github.com/construct-run/construct/internal/daemon/registry/registry.go:90.16,92.3 1 0
github.com/construct-run/construct/internal/daemon/registry/registry.go:94.2,95.53 2 1
github.com/construct-run/construct/internal/daemon/registry/registry.go:95.53,97.3 1 0
github.com/construct-run/construct/internal/daemon/registry/registry.go:99.2,99.35 1 1
github.com/construct-run/construct/internal/daemon/registry/registry.go:99.35,103.3 3 1
github.com/construct-run/construct/internal/daemon/registry/registry.go:104.2,104.12 1 1
github.com/construct-run/construct/internal/daemon/registry/registry.go:108.33,113.32 2 1
github.com/construct-run/construct/internal/daemon/registry/registry.go:113.32,115.3 1 1
github.com/construct-run/construct/internal/daemon/registry/registry.go:117.2,118.16 2 1
github.com/construct-run/construct/internal/daemon/registry/registry.go:118.16,120.3 1 0
github.com/construct-run/construct/internal/daemon/registry/registry.go:122.2,123.48 2 1
github.com/construct-run/construct/internal/daemon/registry/registry.go:123.48,125.3 1 0
github.com/construct-run/construct/internal/daemon/registry/registry.go:127.2,128.16 2 1
github.com/construct-run/construct/internal/daemon/registry/registry.go:128.16,130.3 1 0
github.com/construct-run/construct/internal/daemon/registry/registry.go:131.2,133.43 2 1
github.com/construct-run/construct/internal/daemon/registry/registry.go:133.43,137.3 3 0
github.com/construct-run/construct/internal/daemon/registry/registry.go:138.2,138.36 1 1
github.com/construct-run/construct/internal/daemon/registry/registry.go:138.36,141.3 2 0
github.com/construct-run/construct/internal/daemon/registry/registry.go:142.2,142.40 1 1
github.com/construct-run/construct/internal/daemon/registry/registry.go:146.42,153.2 5 1
github.com/construct-run/construct/internal/daemon/registry/registry.go:156.45,161.9 4 0
github.com/construct-run/construct/internal/daemon/registry/registry.go:161.9,163.3 1 0
github.com/construct-run/construct/internal/daemon/registry/registry.go:165.2,165.29 1 0
github.com/construct-run/construct/internal/daemon/registry/registry.go:165.29,168.3 2 0
github.com/construct-run/construct/internal/daemon/registry/registry.go:169.2,170.17 2 0
github.com/construct-run/construct/internal/daemon/registry/registry.go:174.44,179.9 4 1
github.com/construct-run/construct/internal/daemon/registry/registry.go:179.9,181.3 1 0
github.com/construct-run/construct/internal/daemon/registry/registry.go:182.2,184.17 3 1
github.com/construct-run/construct/internal/daemon/registry/registry.go:188.48,192.14 4 1
github.com/construct-run/construct/internal/daemon/registry/registry.go:192.14,194.3 1 1
github.com/construct-run/construct/internal/daemon/registry/registry.go:195.2,196.14 2 1
github.com/construct-run/construct/internal/daemon/registry/registry.go:200.52,204.14 4 1
github.com/construct-run/construct/internal/daemon/registry/registry.go:204.14,206.3 1 1
github.com/construct-run/construct/internal/daemon/registry/registry.go:207.2,208.14 2 1
github.com/construct-run/construct/internal/daemon/registry/registry.go:213.65,218.32 4 1
github.com/construct-run/construct/internal/daemon/registry/registry.go:218.32,219.59 1 1
github.com/construct-run/construct/internal/daemon/registry/registry.go:219.59,221.4 1 1
github.com/construct-run/construct/internal/daemon/registry/registry.go:223.2,223.22 1 1
github.com/construct-run/construct/internal/daemon/registry/registry.go:224.9,225.18 1 0
github.com/construct-run/construct/internal/daemon/registry/registry.go:226.9,228.20 2 1
github.com/construct-run/construct/internal/daemon/registry/registry.go:229.10,230.102 1 1
github.com/construct-run/construct/internal/daemon/registry/registry.go:235.38,240.31 4 1
github.com/construct-run/construct/internal/daemon/registry/registry.go:240.31,243.3 2 1
github.com/construct-run/construct/internal/daemon/registry/registry.go:244.2,244.15 1 1
github.com/construct-run/construct/internal/daemon/registry/registry.go:248.98,253.9 4 1
github.com/construct-run/construct/internal/daemon/registry/registry.go:253.9,255.3 1 0
github.com/construct-run/construct/internal/daemon/registry/registry.go:256.2,257.22 2 1
github.com/construct-run/construct/internal/daemon/registry/registry.go:257.22,259.3 1 0
github.com/construct-run/construct/internal/daemon/registry/registry.go:260.2,260.22 1 1
github.com/construct-run/construct/internal/daemon/registry/registry.go:260.22,262.3 1 1
github.com/construct-run/construct/internal/daemon/registry/registry.go:263.2,263.17 1 1
github.com/construct-run/construct/internal/daemon/server/server.go:28.82,34.2 1 1
github.com/construct-run/construct/internal/daemon/server/server.go:38.32,40.71 1 1
github.com/construct-run/construct/internal/daemon/server/server.go:40.71,42.3 1 0
github.com/construct-run/construct/internal/daemon/server/server.go:44.2,45.16 2 1
github.com/construct-run/construct/internal/daemon/server/server.go:45.16,47.3 1 0
github.com/construct-run/construct/internal/daemon/server/server.go:48.2,48.54 1 1
github.com/construct-run/construct/internal/daemon/server/server.go:48.54,51.3 2 0
github.com/construct-run/construct/internal/daemon/server/server.go:52.2,53.12 2 1
github.com/construct-run/construct/internal/daemon/server/server.go:58.45,59.6 1 1
github.com/construct-run/construct/internal/daemon/server/server.go:59.6,61.17 2 1
github.com/construct-run/construct/internal/daemon/server/server.go:61.17,62.11 1 1
github.com/construct-run/construct/internal/daemon/server/server.go:63.22,64.11 1 1
github.com/construct-run/construct/internal/daemon/server/server.go:65.12,67.11 2 0
github.com/construct-run/construct/internal/daemon/server/server.go:70.3,70.29 1 1
github.com/construct-run/construct/internal/daemon/server/server.go:75.26,76.23 1 1
github.com/construct-run/construct/internal/daemon/server/server.go:76.23,78.3 1 1
github.com/construct-run/construct/internal/daemon/server/server.go:104.65,108.21 3 1
github.com/construct-run/construct/internal/daemon/server/server.go:108.21,110.3 1 0
github.com/construct-run/construct/internal/daemon/server/server.go:111.2,114.51 3 1
github.com/construct-run/construct/internal/daemon/server/server.go:114.51,117.3 2 1
github.com/construct-run/construct/internal/daemon/server/server.go:120.2,124.12 3 1
github.com/construct-run/construct/internal/daemon/server/server.go:124.12,126.7 2 1
github.com/construct-run/construct/internal/daemon/server/server.go:126.7,128.18 2 1
github.com/construct-run/construct/internal/daemon/server/server.go:128.18,131.5 2 1
github.com/construct-run/construct/internal/daemon/server/server.go:135.2,136.25 2 1
github.com/construct-run/construct/internal/daemon/server/server.go:145.58,147.2 1 1
github.com/construct-run/construct/internal/daemon/server/server.go:149.57,151.2 1 1
github.com/construct-run/construct/internal/daemon/server/server.go:153.50,155.2 1 1
github.com/construct-run/construct/internal/daemon/server/server.go:157.48,159.2 1 1
github.com/construct-run/construct/internal/daemon/server/server.go:161.53,163.16 2 1
github.com/construct-run/construct/internal/daemon/server/server.go:163.16,165.3 1 0
github.com/construct-run/construct/internal/daemon/server/server.go:166.2,168.12 3 1
github.com/construct-run/construct/internal/daemon/server/server.go:173.76,174.21 1 1
github.com/construct-run/construct/internal/daemon/server/server.go:175.23,176.43 1 0
github.com/construct-run/construct/internal/daemon/server/server.go:177.22,178.42 1 0
github.com/construct-run/construct/internal/daemon/server/server.go:179.25,180.45 1 0
github.com/construct-run/construct/internal/daemon/server/server.go:181.22,182.42 1 1
github.com/construct-run/construct/internal/daemon/server/server.go:183.22,184.42 1 1
github.com/construct-run/construct/internal/daemon/server/server.go:185.25,186.38 1 1
github.com/construct-run/construct/internal/daemon/server/server.go:187.27,188.40 1 1
github.com/construct-run/construct/internal/daemon/server/server.go:189.26,190.39 1 1
github.com/construct-run/construct/internal/daemon/server/server.go:191.10,192.63 1 1
github.com/construct-run/construct/internal/daemon/server/server.go:223.94,225.48 2 0
github.com/construct-run/construct/internal/daemon/server/server.go:225.48,228.3 2 0
github.com/construct-run/construct/internal/daemon/server/server.go:230.2,230.31 1 0
github.com/construct-run/construct/internal/daemon/server/server.go:230.31,232.3 1 0
github.com/construct-run/construct/internal/daemon/server/server.go:234.2,246.16 2 0
github.com/construct-run/construct/internal/daemon/server/server.go:246.16,249.3 2 0
github.com/construct-run/construct/internal/daemon/server/server.go:251.2,256.4 1 0
github.com/construct-run/construct/internal/daemon/server/server.go:270.93,272.48 2 0
github.com/construct-run/construct/internal/daemon/server/server.go:272.48,275.3 2 0
github.com/construct-run/construct/internal/daemon/server/server.go:277.2,278.16 2 0
github.com/construct-run/construct/internal/daemon/server/server.go:278.16,281.3 2 0
github.com/construct-run/construct/internal/daemon/server/server.go:283.2,284.16 2 0
github.com/construct-run/construct/internal/daemon/server/server.go:284.16,287.3 2 0
github.com/construct-run/construct/internal/daemon/server/server.go:289.2,289.45 1 0
github.com/construct-run/construct/internal/daemon/server/server.go:298.96,300.48 2 0
github.com/construct-run/construct/internal/daemon/server/server.go:300.48,303.3 2 0
github.com/construct-run/construct/internal/daemon/server/server.go:305.2,306.16 2 0
github.com/construct-run/construct/internal/daemon/server/server.go:306.16,309.3 2 0
github.com/construct-run/construct/internal/daemon/server/server.go:311.2,311.47 1 0
github.com/construct-run/construct/internal/daemon/server/server.go:311.47,314.3 2 0
github.com/construct-run/construct/internal/daemon/server/server.go:316.2,316.50 1 0
github.com/construct-run/construct/internal/daemon/server/server.go:325.91,328.2 2 1
github.com/construct-run/construct/internal/daemon/server/server.go:345.93,347.48 2 1
github.com/construct-run/construct/internal/daemon/server/server.go:347.48,350.3 2 0
github.com/construct-run/construct/internal/daemon/server/server.go:352.2,353.16 2 1
github.com/construct-run/construct/internal/daemon/server/server.go:353.16,356.3 2 1
github.com/construct-run/construct/internal/daemon/server/server.go:358.2,359.16 2 1
github.com/construct-run/construct/internal/daemon/server/server.go:359.16,363.3 2 1
github.com/construct-run/construct/internal/daemon/server/server.go:366.2,367.26 2 1
github.com/construct-run/construct/internal/daemon/server/server.go:367.26,372.18 1 1
github.com/construct-run/construct/internal/daemon/server/server.go:372.18,374.4 1 0
github.com/construct-run/construct/internal/daemon/server/server.go:377.2,377.15 1 1
github.com/construct-run/construct/internal/daemon/server/server.go:377.15,380.3 2 1
github.com/construct-run/construct/internal/daemon/server/server.go:383.2,386.6 3 0
github.com/construct-run/construct/internal/daemon/server/server.go:386.6,387.10 1 0
github.com/construct-run/construct/internal/daemon/server/server.go:388.21,389.10 1 0
github.com/construct-run/construct/internal/daemon/server/server.go:390.25,391.11 1 0
github.com/construct-run/construct/internal/daemon/server/server.go:391.11,394.5 2 0
github.com/construct-run/construct/internal/daemon/server/server.go:395.4,399.19 1 0
github.com/construct-run/construct/internal/daemon/server/server.go:399.19,401.5 1 0
github.com/construct-run/construct/internal/daemon/server/server.go:419.89,421.48 2 1
github.com/construct-run/construct/internal/daemon/server/server.go:421.48,424.3 2 0
github.com/construct-run/construct/internal/daemon/server/server.go:426.2,426.66 1 1
github.com/construct-run/construct/internal/daemon/server/server.go:426.66,429.3 2 0
github.com/construct-run/construct/internal/daemon/server/server.go:431.2,432.20 2 1
github.com/construct-run/construct/internal/daemon/server/server.go:432.20,434.3 1 0
github.com/construct-run/construct/internal/daemon/server/server.go:435.2,435.54 1 1
github.com/construct-run/construct/internal/daemon/server/server.go:449.91,451.48 2 1
github.com/construct-run/construct/internal/daemon/server/server.go:451.48,454.3 2 0
github.com/construct-run/construct/internal/daemon/server/server.go:456.2,456.59 1 1
github.com/construct-run/construct/internal/daemon/server/server.go:456.59,459.3 2 0
github.com/construct-run/construct/internal/daemon/server/server.go:461.2,461.43 1 1
github.com/construct-run/construct/internal/daemon/server/server.go:480.90,482.48 2 1
github.com/construct-run/construct/internal/daemon/server/server.go:482.48,485.3 2 0
github.com/construct-run/construct/internal/daemon/server/server.go:487.2,488.16 2 1
github.com/construct-run/construct/internal/daemon/server/server.go:488.16,491.3 2 0
github.com/construct-run/construct/internal/daemon/server/server.go:493.2,494.26 2 1
github.com/construct-run/construct/internal/daemon/server/server.go:494.26,500.3 1 1
github.com/construct-run/construct/internal/daemon/server/server.go:501.2,501.18 1 1
github.com/construct-run/construct/internal/daemon/server/server.go:501.18,503.3 1 0
github.com/construct-run/construct/internal/daemon/server/server.go:505.2,505.47 1 1
github.com/construct-run/construct/internal/daemon/server/server.go:511.75,512.21 1 1
github.com/construct-run/construct/internal/daemon/server/server.go:512.21,514.3 1 0
github.com/construct-run/construct/internal/daemon/server/server.go:515.2,515.16 1 1
github.com/construct-run/construct/internal/daemon/server/server.go:515.16,517.3 1 0
github.com/construct-run/construct/internal/daemon/server/server.go:518.2,519.17 2 1
github.com/construct-run/construct/internal/daemon/server/server.go:519.17,521.3 1 1
github.com/construct-run/construct/internal/daemon/server/server.go:522.2,522.21 1 1
github.com/construct-run/construct/internal/daemon/server/server.go:528.56,537.2 1 0
github.com/construct-run/construct/internal/imagespec/imagespec.go:48.66,50.16 2 1
github.com/construct-run/construct/internal/imagespec/imagespec.go:50.16,52.3 1 0
github.com/construct-run/construct/internal/imagespec/imagespec.go:53.2,53.56 1 1
github.com/construct-run/construct/internal/imagespec/imagespec.go:57.44,57.62 1 1
github.com/construct-run/construct/internal/imagespec/imagespec.go:63.41,70.84 3 1
github.com/construct-run/construct/internal/imagespec/imagespec.go:70.84,71.17 1 1
github.com/construct-run/construct/internal/imagespec/imagespec.go:71.17,73.4 1 0
github.com/construct-run/construct/internal/imagespec/imagespec.go:74.3,74.16 1 1
github.com/construct-run/construct/internal/imagespec/imagespec.go:74.16,76.4 1 1
github.com/construct-run/construct/internal/imagespec/imagespec.go:77.3,78.17 2 1
github.com/construct-run/construct/internal/imagespec/imagespec.go:78.17,80.4 1 0
github.com/construct-run/construct/internal/imagespec/imagespec.go:81.3,82.13 2 1
github.com/construct-run/construct/internal/imagespec/imagespec.go:83.17,85.3 1 0
github.com/construct-run/construct/internal/imagespec/imagespec.go:87.2,87.42 1 1
github.com/construct-run/construct/internal/imagespec/imagespec.go:87.42,87.86 1 1
github.com/construct-run/construct/internal/imagespec/imagespec.go:89.2,90.28 2 1
github.com/construct-run/construct/internal/imagespec/imagespec.go:90.28,94.3 3 1
github.com/construct-run/construct/internal/imagespec/imagespec.go:95.2,95.49 1 1
github.com/construct-run/construct/internal/daemon/session/session.go:96.12,98.2 1 1
github.com/construct-run/construct/internal/daemon/session/session.go:113.12,114.24 1 1
github.com/construct-run/construct/internal/daemon/session/session.go:114.24,116.3 1 0
github.com/construct-run/construct/internal/daemon/session/session.go:117.2,128.3 1 1
github.com/construct-run/construct/internal/daemon/session/session.go:132.52,134.2 1 1
github.com/construct-run/construct/internal/daemon/session/session.go:137.65,141.2 3 1
github.com/construct-run/construct/internal/daemon/session/session.go:144.76,148.2 3 0
github.com/construct-run/construct/internal/daemon/session/session.go:158.80,160.14 2 1
github.com/construct-run/construct/internal/daemon/session/session.go:160.14,162.3 1 1
github.com/construct-run/construct/internal/daemon/session/session.go:164.2,166.16 3 1
github.com/construct-run/construct/internal/daemon/session/session.go:166.16,169.3 2 0
github.com/construct-run/construct/internal/daemon/session/session.go:170.2,173.19 3 1
github.com/construct-run/construct/internal/daemon/session/session.go:173.19,176.3 1 0
github.com/construct-run/construct/internal/daemon/session/session.go:178.2,183.16 2 1
github.com/construct-run/construct/internal/daemon/session/session.go:183.16,185.3 1 0
github.com/construct-run/construct/internal/daemon/session/session.go:187.2,188.16 2 1
github.com/construct-run/construct/internal/daemon/session/session.go:188.16,190.3 1 0
github.com/construct-run/construct/internal/daemon/session/session.go:192.2,202.12 6 1
github.com/construct-run/construct/internal/daemon/session/session.go:206.104,207.18 1 1
github.com/construct-run/construct/internal/daemon/session/session.go:207.18,209.3 1 1
github.com/construct-run/construct/internal/daemon/session/session.go:210.2,210.19 1 1
github.com/construct-run/construct/internal/daemon/session/session.go:210.19,212.3 1 1
github.com/construct-run/construct/internal/daemon/session/session.go:213.2,213.24 1 1
github.com/construct-run/construct/internal/daemon/session/session.go:213.24,215.3 1 1
github.com/construct-run/construct/internal/daemon/session/session.go:217.2,218.21 2 1
github.com/construct-run/construct/internal/daemon/session/session.go:218.21,220.3 1 1
github.com/construct-run/construct/internal/daemon/session/session.go:221.2,221.38 1 1
github.com/construct-run/construct/internal/daemon/session/session.go:224.134,227.40 2 1
github.com/construct-run/construct/internal/daemon/session/session.go:227.40,232.12 2 1
github.com/construct-run/construct/internal/daemon/session/session.go:232.12,239.4 1 1
github.com/construct-run/construct/internal/daemon/session/session.go:241.3,242.85 2 1
github.com/construct-run/construct/internal/daemon/session/session.go:242.85,244.4 1 0
github.com/construct-run/construct/internal/daemon/session/session.go:245.3,247.22 3 1
github.com/construct-run/construct/internal/daemon/session/session.go:247.22,249.4 1 0
github.com/construct-run/construct/internal/daemon/session/session.go:253.2,260.16 4 1
github.com/construct-run/construct/internal/daemon/session/session.go:260.16,262.3 1 0
github.com/construct-run/construct/internal/daemon/session/session.go:263.2,263.18 1 1
github.com/construct-run/construct/internal/daemon/session/session.go:263.18,264.22 1 1
github.com/construct-run/construct/internal/daemon/session/session.go:264.22,266.4 1 0
github.com/construct-run/construct/internal/daemon/session/session.go:267.3,267.110 1 1
github.com/construct-run/construct/internal/daemon/session/session.go:267.110,269.4 1 0
github.com/construct-run/construct/internal/daemon/session/session.go:270.3,270.63 1 1
github.com/construct-run/construct/internal/daemon/session/session.go:270.63,272.4 1 0
github.com/construct-run/construct/internal/daemon/session/session.go:280.2,280.54 1 1
github.com/construct-run/construct/internal/daemon/session/session.go:280.54,281.22 1 1
github.com/construct-run/construct/internal/daemon/session/session.go:281.22,283.4 1 0
github.com/construct-run/construct/internal/daemon/session/session.go:284.3,284.110 1 1
github.com/construct-run/construct/internal/daemon/session/session.go:284.110,286.4 1 0
github.com/construct-run/construct/internal/daemon/session/session.go:287.3,289.41 3 1
github.com/construct-run/construct/internal/daemon/session/session.go:289.41,291.4 1 0
github.com/construct-run/construct/internal/daemon/session/session.go:292.3,292.63 1 1
github.com/construct-run/construct/internal/daemon/session/session.go:292.63,294.4 1 0
github.com/construct-run/construct/internal/daemon/session/session.go:297.2,297.21 1 1
github.com/construct-run/construct/internal/daemon/session/session.go:297.21,299.3 1 0
github.com/construct-run/construct/internal/daemon/session/session.go:300.2,300.96 1 1
github.com/construct-run/construct/internal/daemon/session/session.go:300.96,302.3 1 0
github.com/construct-run/construct/internal/daemon/session/session.go:303.2,303.28 1 1
github.com/construct-run/construct/internal/daemon/session/session.go:303.28,305.90 2 0
github.com/construct-run/construct/internal/daemon/session/session.go:305.90,307.4 1 0
github.com/construct-run/construct/internal/daemon/session/session.go:310.2,311.96 2 1
github.com/construct-run/construct/internal/daemon/session/session.go:311.96,313.3 1 0
github.com/construct-run/construct/internal/daemon/session/session.go:315.2,315.14 1 1
github.com/construct-run/construct/internal/daemon/session/session.go:315.14,316.22 1 1
github.com/construct-run/construct/internal/daemon/session/session.go:316.22,318.4 1 0
github.com/construct-run/construct/internal/daemon/session/session.go:319.3,319.46 1 1
github.com/construct-run/construct/internal/daemon/session/session.go:319.46,321.4 1 0
github.com/construct-run/construct/internal/daemon/session/session.go:324.2,325.84 2 1
github.com/construct-run/construct/internal/daemon/session/session.go:325.84,327.3 1 0
github.com/construct-run/construct/internal/daemon/session/session.go:328.2,338.8 4 1
github.com/construct-run/construct/internal/daemon/session/session.go:341.108,348.21 6 1
github.com/construct-run/construct/internal/daemon/session/session.go:348.21,350.3 1 1
github.com/construct-run/construct/internal/daemon/session/session.go:351.2,351.81 1 1
github.com/construct-run/construct/internal/daemon/session/session.go:351.81,353.3 1 0
github.com/construct-run/construct/internal/daemon/session/session.go:355.2,356.16 2 1
github.com/construct-run/construct/internal/daemon/session/session.go:356.16,358.3 1 0
github.com/construct-run/construct/internal/daemon/session/session.go:360.2,361.16 2 1
github.com/construct-run/construct/internal/daemon/session/session.go:361.16,363.3 1 0
github.com/construct-run/construct/internal/daemon/session/session.go:365.2,365.60 1 1
github.com/construct-run/construct/internal/daemon/session/session.go:365.60,367.3 1 0
github.com/construct-run/construct/internal/daemon/session/session.go:369.2,390.96 4 1
github.com/construct-run/construct/internal/daemon/session/session.go:390.96,392.3 1 0
github.com/construct-run/construct/internal/daemon/session/session.go:394.2,394.21 1 1
github.com/construct-run/construct/internal/daemon/session/session.go:394.21,396.3 1 1
github.com/construct-run/construct/internal/daemon/session/session.go:397.2,397.94 1 1
github.com/construct-run/construct/internal/daemon/session/session.go:397.94,400.3 2 0
github.com/construct-run/construct/internal/daemon/session/session.go:402.2,402.28 1 1
github.com/construct-run/construct/internal/daemon/session/session.go:402.28,403.22 1 1
github.com/construct-run/construct/internal/daemon/session/session.go:403.22,405.4 1 0
github.com/construct-run/construct/internal/daemon/session/session.go:406.3,406.46 1 1
github.com/construct-run/construct/internal/daemon/session/session.go:406.46,410.4 3 0
github.com/construct-run/construct/internal/daemon/session/session.go:413.2,413.21 1 1
github.com/construct-run/construct/internal/daemon/session/session.go:413.21,415.3 1 1
github.com/construct-run/construct/internal/daemon/session/session.go:416.2,416.62 1 1
github.com/construct-run/construct/internal/daemon/session/session.go:416.62,419.3 2 0
github.com/construct-run/construct/internal/daemon/session/session.go:421.2,421.21 1 1
github.com/construct-run/construct/internal/daemon/session/session.go:421.21,423.3 1 1
github.com/construct-run/construct/internal/daemon/session/session.go:424.2,424.94 1 1
github.com/construct-run/construct/internal/daemon/session/session.go:424.94,427.3 2 0
github.com/construct-run/construct/internal/daemon/session/session.go:429.2,429.14 1 1
github.com/construct-run/construct/internal/daemon/session/session.go:429.14,430.22 1 1
github.com/construct-run/construct/internal/daemon/session/session.go:430.22,432.4 1 1
github.com/construct-run/construct/internal/daemon/session/session.go:433.3,433.46 1 1
github.com/construct-run/construct/internal/daemon/session/session.go:433.46,436.4 2 0
github.com/construct-run/construct/internal/daemon/session/session.go:439.2,439.37 1 1
github.com/construct-run/construct/internal/daemon/session/session.go:439.37,442.3 2 0
github.com/construct-run/construct/internal/daemon/session/session.go:444.2,450.8 2 1
github.com/construct-run/construct/internal/daemon/session/session.go:454.90,456.14 2 1
github.com/construct-run/construct/internal/daemon/session/session.go:456.14,458.3 1 1
github.com/construct-run/construct/internal/daemon/session/session.go:459.2,459.40 1 1
github.com/construct-run/construct/internal/daemon/session/session.go:459.40,461.3 1 1
github.com/construct-run/construct/internal/daemon/session/session.go:463.2,469.13 6 1
github.com/construct-run/construct/internal/daemon/session/session.go:469.13,471.3 1 1
github.com/construct-run/construct/internal/daemon/session/session.go:473.2,474.111 2 1
github.com/construct-run/construct/internal/daemon/session/session.go:474.111,476.3 1 0
github.com/construct-run/construct/internal/daemon/session/session.go:478.2,478.28 1 1
github.com/construct-run/construct/internal/daemon/session/session.go:478.28,481.3 2 1
github.com/construct-run/construct/internal/daemon/session/session.go:483.2,484.84 2 1
github.com/construct-run/construct/internal/daemon/session/session.go:484.84,486.3 1 0
github.com/construct-run/construct/internal/daemon/session/session.go:487.2,489.15 3 1
github.com/construct-run/construct/internal/daemon/session/session.go:493.72,495.14 2 1
github.com/construct-run/construct/internal/daemon/session/session.go:495.14,497.3 1 1
github.com/construct-run/construct/internal/daemon/session/session.go:499.2,499.40 1 1
github.com/construct-run/construct/internal/daemon/session/session.go:499.40,500.51 1 1
github.com/construct-run/construct/internal/daemon/session/session.go:500.51,502.4 1 0
github.com/construct-run/construct/internal/daemon/session/session.go:505.2,511.28 5 1
github.com/construct-run/construct/internal/daemon/session/session.go:511.28,516.3 4 1
github.com/construct-run/construct/internal/daemon/session/session.go:518.2,527.43 8 1
github.com/construct-run/construct/internal/daemon/session/session.go:527.43,529.3 1 0
github.com/construct-run/construct/internal/daemon/session/session.go:530.2,531.12 2 1
github.com/construct-run/construct/internal/daemon/session/session.go:535.46,535.69 1 1
github.com/construct-run/construct/internal/daemon/session/session.go:538.56,538.84 1 1
github.com/construct-run/construct/internal/daemon/session/session.go:541.60,541.92 1 0
[...]
github.com/construct-run/construct/internal/daemon/session/session.go:698.2,710.28 3 1
github.com/construct-run/construct/internal/daemon/session/session.go:710.28,712.3 1 0
github.com/construct-run/construct/internal/daemon/session/session.go:714.2,719.12 2 1
github.com/construct-run/construct/internal/daemon/session/session.go:722.78,727.105 4 1
github.com/construct-run/construct/internal/daemon/session/session.go:727.105,729.3 1 0
github.com/construct-run/construct/internal/daemon/session/session.go:731.2,745.16 2 1
github.com/construct-run/construct/internal/daemon/session/session.go:745.16,748.3 2 0
github.com/construct-run/construct/internal/daemon/session/session.go:749.2,749.89 1 1
github.com/construct-run/construct/internal/daemon/session/session.go:749.89,753.3 3 0
github.com/construct-run/construct/internal/daemon/session/session.go:754.2,754.12 1 1
github.com/construct-run/construct/internal/daemon/session/session.go:757.78,765.16 3 1
github.com/construct-run/construct/internal/daemon/session/session.go:765.16,767.3 1 0
github.com/construct-run/construct/internal/daemon/session/session.go:769.2,769.112 1 1
github.com/construct-run/construct/internal/daemon/session/session.go:769.112,771.3 1 0
github.com/construct-run/construct/internal/daemon/session/session.go:773.2,775.31 3 1
github.com/construct-run/construct/internal/daemon/session/session.go:775.31,777.3 1 1
github.com/construct-run/construct/internal/daemon/session/session.go:778.2,783.12 2 1
github.com/construct-run/construct/internal/daemon/session/session.go:783.12,784.54 1 1
github.com/construct-run/construct/internal/daemon/session/session.go:784.54,787.4 1 1
github.com/construct-run/construct/internal/daemon/session/session.go:790.2,790.12 1 1
github.com/construct-run/construct/internal/daemon/session/session.go:793.90,795.16 2 1
github.com/construct-run/construct/internal/daemon/session/session.go:795.16,797.3 1 0
github.com/construct-run/construct/internal/daemon/session/session.go:798.2,798.22 1 1
github.com/construct-run/construct/internal/daemon/session/session.go:798.22,800.3 1 0
github.com/construct-run/construct/internal/daemon/session/session.go:801.2,804.16 2 1
github.com/construct-run/construct/internal/daemon/session/session.go:804.16,806.3 1 0
github.com/construct-run/construct/internal/daemon/session/session.go:807.2,807.80 1 1
github.com/construct-run/construct/internal/daemon/session/session.go:810.109,813.28 3 0
github.com/construct-run/construct/internal/daemon/session/session.go:813.28,816.3 2 0
github.com/construct-run/construct/internal/daemon/session/session.go:817.2,818.30 2 0
github.com/construct-run/construct/internal/daemon/session/session.go:821.55,823.28 2 1
github.com/construct-run/construct/internal/daemon/session/session.go:823.28,824.21 1 1
github.com/construct-run/construct/internal/daemon/session/session.go:824.21,826.4 1 1
github.com/construct-run/construct/internal/daemon/session/session.go:826.9,828.4 1 0
github.com/construct-run/construct/internal/daemon/session/session.go:830.2,836.4 1 1
github.com/construct-run/construct/internal/daemon/session/session.go:841.60,843.28 2 1
github.com/construct-run/construct/internal/daemon/session/session.go:843.28,845.3 1 1
github.com/construct-run/construct/internal/daemon/session/session.go:846.2,854.3 1 1
github.com/construct-run/construct/internal/daemon/session/session.go:857.41,858.67 1 1
github.com/construct-run/construct/internal/daemon/session/session.go:858.67,860.3 1 1
github.com/construct-run/construct/internal/daemon/session/session.go:861.2,861.54 1 1
github.com/construct-run/construct/internal/daemon/session/session.go:864.42,865.34 1 1
github.com/construct-run/construct/internal/daemon/session/session.go:865.34,867.3 1 1
github.com/construct-run/construct/internal/daemon/session/session.go:868.2,868.11 1 0
github.com/construct-run/construct/internal/daemon/session/session.go:871.55,873.26 2 1
github.com/construct-run/construct/internal/daemon/session/session.go:873.26,875.3 1 1
github.com/construct-run/construct/internal/daemon/session/session.go:876.2,876.33 1 1
github.com/construct-run/construct/internal/daemon/session/session.go:879.61,901.28 2 1
github.com/construct-run/construct/internal/daemon/session/session.go:901.28,903.3 1 1
github.com/construct-run/construct/internal/daemon/session/session.go:904.2,904.12 1 1
github.com/construct-run/construct/internal/daemon/session/session.go:907.86,911.33 3 1
github.com/construct-run/construct/internal/daemon/session/session.go:911.33,913.17 2 1
github.com/construct-run/construct/internal/daemon/session/session.go:913.17,915.4 1 1
github.com/construct-run/construct/internal/daemon/session/session.go:916.3,916.25 1 1
github.com/construct-run/construct/internal/daemon/session/session.go:916.25,918.14 2 1
github.com/construct-run/construct/internal/daemon/session/session.go:918.14,920.5 1 0
github.com/construct-run/construct/internal/daemon/session/session.go:922.3,922.79 1 1
github.com/construct-run/construct/internal/daemon/session/session.go:925.2,925.17 1 1
github.com/construct-run/construct/internal/daemon/session/session.go:925.17,927.3 1 1
github.com/construct-run/construct/internal/daemon/session/session.go:928.2,928.20 1 1
github.com/construct-run/construct/internal/daemon/session/session.go:931.103,935.26 3 1
github.com/construct-run/construct/internal/daemon/session/session.go:935.26,942.3 3 1
github.com/construct-run/construct/internal/daemon/session/session.go:943.2,943.26 1 1
github.com/construct-run/construct/internal/daemon/session/session.go:949.64,955.21 3 1
github.com/construct-run/construct/internal/daemon/session/session.go:955.21,957.63 2 0
github.com/construct-run/construct/internal/daemon/session/session.go:957.63,958.12 1 0
github.com/construct-run/construct/internal/daemon/session/session.go:960.3,960.22 1 0
github.com/construct-run/construct/internal/daemon/session/session.go:960.22,962.4 1 0
github.com/construct-run/construct/internal/daemon/session/session.go:963.3,963.42 1 0
github.com/construct-run/construct/internal/daemon/session/session.go:963.42,966.18 2 0
github.com/construct-run/construct/internal/daemon/session/session.go:966.18,968.5 1 0
github.com/construct-run/construct/internal/daemon/session/session.go:971.2,971.22 1 1
github.com/construct-run/construct/internal/daemon/session/session.go:974.55,976.21 2 1
github.com/construct-run/construct/internal/daemon/session/session.go:976.21,982.3 1 0
github.com/construct-run/construct/internal/daemon/session/session.go:985.46,989.81 3 1
github.com/construct-run/construct/internal/daemon/session/session.go:989.81,990.17 1 1
github.com/construct-run/construct/internal/daemon/session/session.go:990.17,992.4 1 0
github.com/construct-run/construct/internal/daemon/session/session.go:993.3,994.17 2 1
github.com/construct-run/construct/internal/daemon/session/session.go:994.17,996.4 1 0
github.com/construct-run/construct/internal/daemon/session/session.go:997.3,997.17 1 1
github.com/construct-run/construct/internal/daemon/session/session.go:997.17,999.4 1 1
github.com/construct-run/construct/internal/daemon/session/session.go:1000.3,1001.17 2 1
github.com/construct-run/construct/internal/daemon/session/session.go:1001.17,1003.4 1 0
github.com/construct-run/construct/internal/daemon/session/session.go:1004.3,1005.17 2 1
github.com/construct-run/construct/internal/daemon/session/session.go:1005.17,1007.4 1 0
github.com/construct-run/construct/internal/daemon/session/session.go:1008.3,1009.45 2 1
github.com/construct-run/construct/internal/daemon/session/session.go:1009.45,1011.4 1 0
github.com/construct-run/construct/internal/daemon/session/session.go:1012.3,1012.17 1 1
github.com/construct-run/construct/internal/daemon/session/session.go:1012.17,1014.18 2 1
github.com/construct-run/construct/internal/daemon/session/session.go:1014.18,1016.5 1 0
github.com/construct-run/construct/internal/daemon/session/session.go:1017.4,1019.14 3 1
github.com/construct-run/construct/internal/daemon/session/session.go:1021.3,1021.13 1 0
github.com/construct-run/construct/internal/daemon/session/session.go:1023.2,1023.16 1 1
github.com/construct-run/construct/internal/daemon/session/session.go:1023.16,1025.3 1 0
github.com/construct-run/construct/internal/daemon/session/session.go:1026.2,1027.18 2 1
github.com/construct-run/construct/internal/daemon/session/session.go:1033.64,1037.22 1 1
github.com/construct-run/construct/internal/daemon/session/session.go:1037.22,1039.3 1 1
github.com/construct-run/construct/internal/daemon/session/session.go:1043.2,1043.22 1 1
github.com/construct-run/construct/internal/daemon/session/session.go:1043.22,1045.30 2 0
github.com/construct-run/construct/internal/daemon/session/session.go:1045.30,1046.41 1 0
github.com/construct-run/construct/internal/daemon/session/session.go:1046.41,1048.5 1 0
github.com/construct-run/construct/internal/daemon/session/session.go:1050.3,1051.32 2 0
github.com/construct-run/construct/internal/daemon/session/session.go:1051.32,1053.40 2 0
github.com/construct-run/construct/internal/daemon/session/session.go:1053.40,1055.5 1 0
github.com/construct-run/construct/internal/daemon/session/session.go:1057.3,1057.38 1 0
github.com/construct-run/construct/internal/daemon/session/session.go:1057.38,1059.4 1 0
github.com/construct-run/construct/internal/daemon/session/session.go:1060.3,1060.29 1 0
github.com/construct-run/construct/internal/daemon/session/session.go:1060.29,1061.34 1 0
github.com/construct-run/construct/internal/daemon/session/session.go:1061.34,1063.5 1 0
github.com/construct-run/construct/internal/daemon/session/session.go:1066.2,1066.14 1 1
github.com/construct-run/construct/internal/network/network.go:10.48,12.2 1 1
github.com/construct-run/construct/internal/network/network.go:15.47,17.2 1 1
github.com/construct-run/construct/internal/network/network.go:22.47,23.46 1 1
github.com/construct-run/construct/internal/network/network.go:23.46,24.23 1 1
github.com/construct-run/construct/internal/network/network.go:24.23,26.4 1 1
github.com/construct-run/construct/internal/network/network.go:28.2,28.70 1 0
github.com/construct-run/construct/internal/network/network.go:32.32,34.16 2 1
github.com/construct-run/construct/internal/network/network.go:34.16,36.3 1 0
github.com/construct-run/construct/internal/network/network.go:37.2,38.13 2 1
github.com/construct-run/construct/internal/network/network.go:47.74,50.12 3 1
github.com/construct-run/construct/internal/network/network.go:50.12,52.3 1 1
github.com/construct-run/construct/internal/network/network.go:53.2,54.12 2 1
github.com/construct-run/construct/internal/network/network.go:54.12,56.3 1 1
github.com/construct-run/construct/internal/network/network.go:57.2,57.101 1 1
github.com/construct-run/construct/internal/platform/platform.go:19.40,20.38 1 1
github.com/construct-run/construct/internal/platform/platform.go:20.38,22.3 1 0
github.com/construct-run/construct/internal/platform/platform.go:23.2,23.25 1 1
github.com/construct-run/construct/internal/platform/platform.go:23.25,24.59 1 0
github.com/construct-run/construct/internal/platform/platform.go:24.59,26.4 1 0
github.com/construct-run/construct/internal/platform/platform.go:28.2,28.12 1 1
github.com/construct-run/construct/internal/platform/platform.go:32.26,34.41 2 1
github.com/construct-run/construct/internal/platform/platform.go:34.41,36.3 1 0
github.com/construct-run/construct/internal/platform/platform.go:37.2,39.16 3 1
github.com/construct-run/construct/internal/platform/platform.go:39.16,41.3 1 0
github.com/construct-run/construct/internal/platform/platform.go:42.2,42.45 1 1
github.com/construct-run/construct/internal/platform/platform.go:42.45,47.3 1 0
github.com/construct-run/construct/internal/platform/platform.go:48.2,48.12 1 1
github.com/construct-run/construct/internal/platform/platform.go:52.47,54.16 2 1
github.com/construct-run/construct/internal/platform/platform.go:54.16,56.3 1 0
github.com/construct-run/construct/internal/platform/platform.go:57.2,57.46 1 1
github.com/construct-run/construct/internal/platform/platform.go:57.46,62.3 1 1
github.com/construct-run/construct/internal/platform/platform.go:63.2,63.12 1 1
github.com/construct-run/construct/internal/platform/platform.go:68.71,71.28 2 1
github.com/construct-run/construct/internal/platform/platform.go:71.28,72.39 1 1
github.com/construct-run/construct/internal/platform/platform.go:72.39,74.9 2 1
github.com/construct-run/construct/internal/platform/platform.go:77.2,78.20 2 1
github.com/construct-run/construct/internal/platform/platform.go:78.20,80.3 1 1
github.com/construct-run/construct/internal/platform/platform.go:81.2,82.16 2 1
github.com/construct-run/construct/internal/platform/platform.go:82.16,84.3 1 0
github.com/construct-run/construct/internal/platform/platform.go:85.2,86.16 2 1
github.com/construct-run/construct/internal/platform/platform.go:86.16,88.3 1 0
github.com/construct-run/construct/internal/platform/platform.go:89.2,89.26 1 1
github.com/construct-run/construct/internal/platform/platform.go:93.64,95.2 1 1
github.com/construct-run/construct/internal/platform/platform.go:98.38,100.24 2 1
github.com/construct-run/construct/internal/platform/platform.go:100.24,101.13 1 1
github.com/construct-run/construct/internal/platform/platform.go:101.13,102.9 1 1
github.com/construct-run/construct/internal/platform/platform.go:104.3,104.19 1 1
github.com/construct-run/construct/internal/platform/platform.go:106.2,106.18 1 1
github.com/construct-run/construct/internal/quickstart/quickstart.go:34.39,36.2 1 1
github.com/construct-run/construct/internal/quickstart/quickstart.go:39.54,42.2 2 1
github.com/construct-run/construct/internal/quickstart/quickstart.go:45.38,49.48 4 1
github.com/construct-run/construct/internal/quickstart/quickstart.go:49.48,51.3 1 0
github.com/construct-run/construct/internal/quickstart/quickstart.go:53.2,54.16 2 1
github.com/construct-run/construct/internal/quickstart/quickstart.go:54.16,56.3 1 0
github.com/construct-run/construct/internal/quickstart/quickstart.go:59.2,60.16 2 1
github.com/construct-run/construct/internal/quickstart/quickstart.go:60.16,62.3 1 0
github.com/construct-run/construct/internal/quickstart/quickstart.go:63.2,65.43 2 1
github.com/construct-run/construct/internal/quickstart/quickstart.go:65.43,69.3 3 0
github.com/construct-run/construct/internal/quickstart/quickstart.go:70.2,70.36 1 1
github.com/construct-run/construct/internal/quickstart/quickstart.go:70.36,73.3 2 0
github.com/construct-run/construct/internal/quickstart/quickstart.go:74.2,74.33 1 1
github.com/construct-run/construct/internal/quickstart/quickstart.go:79.57,82.24 3 1
github.com/construct-run/construct/internal/quickstart/quickstart.go:82.24,84.3 1 1
github.com/construct-run/construct/internal/quickstart/quickstart.go:85.2,85.16 1 1
github.com/construct-run/construct/internal/quickstart/quickstart.go:85.16,87.3 1 0
github.com/construct-run/construct/internal/quickstart/quickstart.go:89.2,90.49 2 1
github.com/construct-run/construct/internal/quickstart/quickstart.go:90.49,92.3 1 0
github.com/construct-run/construct/internal/quickstart/quickstart.go:93.2,93.15 1 1
github.com/construct-run/construct/internal/quickstart/quickstart.go:98.49,100.48 2 1
github.com/construct-run/construct/internal/quickstart/quickstart.go:100.48,102.3 1 1
github.com/construct-run/construct/internal/quickstart/quickstart.go:102.8,104.3 1 1
github.com/construct-run/construct/internal/slug/slug.go:15.44,18.21 3 1
github.com/construct-run/construct/internal/slug/slug.go:18.21,20.3 1 1
github.com/construct-run/construct/internal/slug/slug.go:21.2,21.10 1 1
github.com/construct-run/construct/internal/stacks/stacks.go:43.36,45.2 1 1
github.com/construct-run/construct/internal/stacks/stacks.go:48.31,50.2 1 1
github.com/construct-run/construct/internal/stacks/stacks.go:65.51,67.14 2 0
github.com/construct-run/construct/internal/stacks/stacks.go:68.16,69.27 1 0
github.com/construct-run/construct/internal/stacks/stacks.go:70.10,71.25 1 0
github.com/construct-run/construct/internal/stacks/stacks.go:71.25,73.4 1 0
github.com/construct-run/construct/internal/stacks/stacks.go:74.3,74.42 1 0
github.com/construct-run/construct/internal/stacks/stacks.go:76.2,77.16 2 0
github.com/construct-run/construct/internal/stacks/stacks.go:77.16,79.3 1 0
github.com/construct-run/construct/internal/stacks/stacks.go:80.2,80.44 1 0
github.com/construct-run/construct/internal/stacks/stacks.go:86.55,88.14 2 1
github.com/construct-run/construct/internal/stacks/stacks.go:89.16,90.27 1 0
github.com/construct-run/construct/internal/stacks/stacks.go:91.10,92.25 1 1
github.com/construct-run/construct/internal/stacks/stacks.go:92.25,94.4 1 1
github.com/construct-run/construct/internal/stacks/stacks.go:95.3,95.42 1 0
github.com/construct-run/construct/internal/stacks/stacks.go:98.2,99.16 2 0
github.com/construct-run/construct/internal/stacks/stacks.go:99.16,101.3 1 0
github.com/construct-run/construct/internal/stacks/stacks.go:103.2,104.16 2 0
github.com/construct-run/construct/internal/stacks/stacks.go:104.16,107.3 2 0
github.com/construct-run/construct/internal/stacks/stacks.go:109.2,109.83 1 0
github.com/construct-run/construct/internal/stacks/stacks.go:109.83,110.17 1 0
github.com/construct-run/construct/internal/stacks/stacks.go:110.17,112.4 1 0
github.com/construct-run/construct/internal/stacks/stacks.go:113.3,114.16 2 0
github.com/construct-run/construct/internal/stacks/stacks.go:114.16,116.4 1 0
github.com/construct-run/construct/internal/stacks/stacks.go:117.3,118.17 2 0
github.com/construct-run/construct/internal/stacks/stacks.go:118.17,120.4 1 0
github.com/construct-run/construct/internal/stacks/stacks.go:121.3,121.57 1 0
github.com/construct-run/construct/internal/stacks/stacks.go:121.57,123.4 1 0
github.com/construct-run/construct/internal/stacks/stacks.go:125.3,125.34 1 0
github.com/construct-run/construct/internal/stacks/stacks.go:125.34,126.48 1 0
github.com/construct-run/construct/internal/stacks/stacks.go:126.48,128.5 1 0
github.com/construct-run/construct/internal/stacks/stacks.go:130.3,130.13 1 0
github.com/construct-run/construct/internal/stacks/stacks.go:131.17,134.3 2 0
github.com/construct-run/construct/internal/stacks/stacks.go:136.2,136.17 1 0
github.com/construct-run/construct/internal/stacks/stacks.go:140.37,145.2 2 0
github.com/construct-run/construct/internal/tools/tools.go:19.52,20.14 1 1
github.com/construct-run/construct/internal/tools/tools.go:21.20,22.86 1 1
github.com/construct-run/construct/internal/tools/tools.go:23.10,24.13 1 0
github.com/construct-run/construct/internal/tools/tools.go:29.37,30.14 1 1
github.com/construct-run/construct/internal/tools/tools.go:31.20,32.35 1 1
github.com/construct-run/construct/internal/tools/tools.go:33.10,34.12 1 0
github.com/construct-run/construct/internal/tools/tools.go:39.33,40.14 1 1
github.com/construct-run/construct/internal/tools/tools.go:41.20,42.14 1 1
github.com/construct-run/construct/internal/tools/tools.go:43.10,44.15 1 1
github.com/construct-run/construct/internal/tools/tools.go:51.34,52.14 1 0
github.com/construct-run/construct/internal/tools/tools.go:53.20,54.58 1 0
github.com/construct-run/construct/internal/tools/tools.go:55.10,56.12 1 0
github.com/construct-run/construct/internal/tools/tools.go:60.25,61.12 1 1
github.com/construct-run/construct/internal/tools/tools.go:61.12,63.3 1 0
github.com/construct-run/construct/internal/tools/tools.go:64.2,66.9 3 1
github.com/construct-run/construct/internal/tools/tools.go:66.9,68.3 1 0
github.com/construct-run/construct/internal/tools/tools.go:69.2,69.12 1 1
github.com/construct-run/construct/internal/tools/tools.go:69.12,72.3 2 1
github.com/construct-run/construct/internal/tools/tools.go:73.2,73.9 1 1
github.com/construct-run/construct/internal/tools/tools.go:73.9,75.3 1 0
github.com/construct-run/construct/internal/tools/tools.go:76.2,76.20 1 1
github.com/construct-run/construct/internal/version/version.go:21.19,23.2 1 1
